<?xml version="1.0" encoding="utf-8"?><testsuites name="pytest tests"><testsuite name="pytest" errors="0" failures="75" skipped="41" tests="488" time="6.883" timestamp="2026-04-01T10:50:05.053200-04:00" hostname="L27"><testcase classname="tests.red_team.adversarial_az.test_a_alias_poisoning.TestHomoglyphAttacks" name="test_cyrillic_x_vs_latin_x" time="0.404" /><testcase classname="tests.red_team.adversarial_az.test_a_alias_poisoning.TestHomoglyphAttacks" name="test_homoglyph_does_not_auto_merge" time="0.005" /><testcase classname="tests.red_team.adversarial_az.test_a_alias_poisoning.TestHomoglyphAttacks" name="test_normalize_key_strips_cyrillic" time="0.070" /><testcase classname="tests.red_team.adversarial_az.test_a_alias_poisoning.TestHomoglyphAttacks" name="test_fullwidth_digits_in_invoice_number" time="0.003" /><testcase classname="tests.red_team.adversarial_az.test_a_alias_poisoning.TestAbbreviationSuffixConfusion" name="test_abbreviation_is_not_auto_merged" time="0.003" /><testcase classname="tests.red_team.adversarial_az.test_a_alias_poisoning.TestAbbreviationSuffixConfusion" name="test_plural_suffix_not_merged" time="0.002" /><testcase classname="tests.red_team.adversarial_az.test_a_alias_poisoning.TestAbbreviationSuffixConfusion" name="test_different_lob_same_stem" time="0.002" /><testcase classname="tests.red_team.adversarial_az.test_a_alias_poisoning.TestCrossClientAliasLeakage" name="test_alias_scoped_to_client" time="0.003"><skipped type="pytest.xfail" message="P1 DEFECT: vendor_aliases table has no client_code column — aliases leak across clients" /></testcase><testcase classname="tests.red_team.adversarial_az.test_a_alias_poisoning.TestStaleApprovalReplay" name="test_approval_after_vendor_deactivation" time="0.004" /><testcase classname="tests.red_team.adversarial_az.test_a_alias_poisoning.TestConcurrentAliasModification" name="test_concurrent_alias_insert" time="0.059" /><testcase classname="tests.red_team.adversarial_az.test_a_alias_poisoning.TestAliasDeterminism" name="test_normalize_key_deterministic" time="0.007" /><testcase classname="tests.red_team.adversarial_az.test_a_alias_poisoning.TestAliasDeterminism" name="test_resolver_key_idempotent" time="0.002" /><testcase classname="tests.red_team.adversarial_az.test_b_bank_reconciliation_ambush.TestPartialPaymentTorture" name="test_three_partials_reconcile_exactly" time="0.004"><failure message="TypeError: create_reconciliation() got multiple values for argument 'client_code'">tests\red_team\adversarial_az\test_b_bank_reconciliation_ambush.py:75: in test_three_partials_reconcile_exactly
    rid = _make_recon(conn, statement_ending_balance="10000.00", gl_ending_balance="7000.00")
          ^^^^^^^^^^^^^^^^^^^^^^^^^^^^^^^^^^^^^^^^^^^^^^^^^^^^^^^^^^^^^^^^^^^^^^^^^^^^^^^^^^^
tests\red_team\adversarial_az\test_b_bank_reconciliation_ambush.py:63: in _make_recon
    return create_reconciliation(conn, **defaults)
           ^^^^^^^^^^^^^^^^^^^^^^^^^^^^^^^^^^^^^^^
E   TypeError: create_reconciliation() got multiple values for argument 'client_code'</failure></testcase><testcase classname="tests.red_team.adversarial_az.test_b_bank_reconciliation_ambush.TestPartialPaymentTorture" name="test_partial_payment_zero_remainder" time="0.004"><failure message="TypeError: create_reconciliation() got multiple values for argument 'client_code'">tests\red_team\adversarial_az\test_b_bank_reconciliation_ambush.py:92: in test_partial_payment_zero_remainder
    rid = _make_recon(conn, statement_ending_balance="5000.00", gl_ending_balance="5000.00")
          ^^^^^^^^^^^^^^^^^^^^^^^^^^^^^^^^^^^^^^^^^^^^^^^^^^^^^^^^^^^^^^^^^^^^^^^^^^^^^^^^^^
tests\red_team\adversarial_az\test_b_bank_reconciliation_ambush.py:63: in _make_recon
    return create_reconciliation(conn, **defaults)
           ^^^^^^^^^^^^^^^^^^^^^^^^^^^^^^^^^^^^^^^
E   TypeError: create_reconciliation() got multiple values for argument 'client_code'</failure></testcase><testcase classname="tests.red_team.adversarial_az.test_b_bank_reconciliation_ambush.TestDuplicateImportAttack" name="test_duplicate_item_raises" time="0.003"><failure message="TypeError: create_reconciliation() got multiple values for argument 'client_code'">tests\red_team\adversarial_az\test_b_bank_reconciliation_ambush.py:107: in test_duplicate_item_raises
    rid = _make_recon(conn)
          ^^^^^^^^^^^^^^^^^
tests\red_team\adversarial_az\test_b_bank_reconciliation_ambush.py:63: in _make_recon
    return create_reconciliation(conn, **defaults)
           ^^^^^^^^^^^^^^^^^^^^^^^^^^^^^^^^^^^^^^^
E   TypeError: create_reconciliation() got multiple values for argument 'client_code'</failure></testcase><testcase classname="tests.red_team.adversarial_az.test_b_bank_reconciliation_ambush.TestDuplicateImportAttack" name="test_near_duplicate_different_date" time="0.004"><failure message="TypeError: create_reconciliation() got multiple values for argument 'client_code'">tests\red_team\adversarial_az\test_b_bank_reconciliation_ambush.py:117: in test_near_duplicate_different_date
    rid = _make_recon(conn)
          ^^^^^^^^^^^^^^^^^
tests\red_team\adversarial_az\test_b_bank_reconciliation_ambush.py:63: in _make_recon
    return create_reconciliation(conn, **defaults)
           ^^^^^^^^^^^^^^^^^^^^^^^^^^^^^^^^^^^^^^^
E   TypeError: create_reconciliation() got multiple values for argument 'client_code'</failure></testcase><testcase classname="tests.red_team.adversarial_az.test_b_bank_reconciliation_ambush.TestFinalizationLock" name="test_add_item_after_finalize_raises" time="0.004"><failure message="TypeError: create_reconciliation() got multiple values for argument 'client_code'">tests\red_team\adversarial_az\test_b_bank_reconciliation_ambush.py:134: in test_add_item_after_finalize_raises
    rid = _make_recon(conn)
          ^^^^^^^^^^^^^^^^^
tests\red_team\adversarial_az\test_b_bank_reconciliation_ambush.py:63: in _make_recon
    return create_reconciliation(conn, **defaults)
           ^^^^^^^^^^^^^^^^^^^^^^^^^^^^^^^^^^^^^^^
E   TypeError: create_reconciliation() got multiple values for argument 'client_code'</failure></testcase><testcase classname="tests.red_team.adversarial_az.test_b_bank_reconciliation_ambush.TestFinalizationLock" name="test_double_finalize_is_idempotent" time="0.003"><failure message="TypeError: create_reconciliation() got multiple values for argument 'client_code'">tests\red_team\adversarial_az\test_b_bank_reconciliation_ambush.py:143: in test_double_finalize_is_idempotent
    rid = _make_recon(conn)
          ^^^^^^^^^^^^^^^^^
tests\red_team\adversarial_az\test_b_bank_reconciliation_ambush.py:63: in _make_recon
    return create_reconciliation(conn, **defaults)
           ^^^^^^^^^^^^^^^^^^^^^^^^^^^^^^^^^^^^^^^
E   TypeError: create_reconciliation() got multiple values for argument 'client_code'</failure></testcase><testcase classname="tests.red_team.adversarial_az.test_b_bank_reconciliation_ambush.TestFinalizationLock" name="test_recalculate_after_finalize_raises" time="0.003"><failure message="TypeError: create_reconciliation() got multiple values for argument 'client_code'">tests\red_team\adversarial_az\test_b_bank_reconciliation_ambush.py:156: in test_recalculate_after_finalize_raises
    rid = _make_recon(conn)
          ^^^^^^^^^^^^^^^^^
tests\red_team\adversarial_az\test_b_bank_reconciliation_ambush.py:63: in _make_recon
    return create_reconciliation(conn, **defaults)
           ^^^^^^^^^^^^^^^^^^^^^^^^^^^^^^^^^^^^^^^
E   TypeError: create_reconciliation() got multiple values for argument 'client_code'</failure></testcase><testcase classname="tests.red_team.adversarial_az.test_b_bank_reconciliation_ambush.TestImplausibleAmountGuard" name="test_implausible_amount_rejected" time="0.004"><failure message="TypeError: create_reconciliation() got multiple values for argument 'client_code'">tests\red_team\adversarial_az\test_b_bank_reconciliation_ambush.py:174: in test_implausible_amount_rejected
    rid = _make_recon(conn)
          ^^^^^^^^^^^^^^^^^
tests\red_team\adversarial_az\test_b_bank_reconciliation_ambush.py:63: in _make_recon
    return create_reconciliation(conn, **defaults)
           ^^^^^^^^^^^^^^^^^^^^^^^^^^^^^^^^^^^^^^^
E   TypeError: create_reconciliation() got multiple values for argument 'client_code'</failure></testcase><testcase classname="tests.red_team.adversarial_az.test_b_bank_reconciliation_ambush.TestImplausibleAmountGuard" name="test_negative_outstanding_cheque_rejected" time="0.004"><failure message="TypeError: create_reconciliation() got multiple values for argument 'client_code'">tests\red_team\adversarial_az\test_b_bank_reconciliation_ambush.py:182: in test_negative_outstanding_cheque_rejected
    rid = _make_recon(conn)
          ^^^^^^^^^^^^^^^^^
tests\red_team\adversarial_az\test_b_bank_reconciliation_ambush.py:63: in _make_recon
    return create_reconciliation(conn, **defaults)
           ^^^^^^^^^^^^^^^^^^^^^^^^^^^^^^^^^^^^^^^
E   TypeError: create_reconciliation() got multiple values for argument 'client_code'</failure></testcase><testcase classname="tests.red_team.adversarial_az.test_b_bank_reconciliation_ambush.TestImplausibleAmountGuard" name="test_zero_amount_item" time="0.004"><failure message="TypeError: create_reconciliation() got multiple values for argument 'client_code'">tests\red_team\adversarial_az\test_b_bank_reconciliation_ambush.py:191: in test_zero_amount_item
    rid = _make_recon(conn)
          ^^^^^^^^^^^^^^^^^
tests\red_team\adversarial_az\test_b_bank_reconciliation_ambush.py:63: in _make_recon
    return create_reconciliation(conn, **defaults)
           ^^^^^^^^^^^^^^^^^^^^^^^^^^^^^^^^^^^^^^^
E   TypeError: create_reconciliation() got multiple values for argument 'client_code'</failure></testcase><testcase classname="tests.red_team.adversarial_az.test_b_bank_reconciliation_ambush.TestConcurrentReconciliation" name="test_concurrent_add_items" time="0.005"><failure message="TypeError: create_reconciliation() got multiple values for argument 'client_code'">tests\red_team\adversarial_az\test_b_bank_reconciliation_ambush.py:211: in test_concurrent_add_items
    rid = _make_recon(conn)
          ^^^^^^^^^^^^^^^^^
tests\red_team\adversarial_az\test_b_bank_reconciliation_ambush.py:63: in _make_recon
    return create_reconciliation(conn, **defaults)
           ^^^^^^^^^^^^^^^^^^^^^^^^^^^^^^^^^^^^^^^
E   TypeError: create_reconciliation() got multiple values for argument 'client_code'</failure></testcase><testcase classname="tests.red_team.adversarial_az.test_b_bank_reconciliation_ambush.TestReconciliationDeterminism" name="test_calculate_deterministic" time="0.004"><failure message="TypeError: create_reconciliation() got multiple values for argument 'client_code'">tests\red_team\adversarial_az\test_b_bank_reconciliation_ambush.py:247: in test_calculate_deterministic
    rid = _make_recon(conn, statement_ending_balance="10000.00",
tests\red_team\adversarial_az\test_b_bank_reconciliation_ambush.py:63: in _make_recon
    return create_reconciliation(conn, **defaults)
           ^^^^^^^^^^^^^^^^^^^^^^^^^^^^^^^^^^^^^^^
E   TypeError: create_reconciliation() got multiple values for argument 'client_code'</failure></testcase><testcase classname="tests.red_team.adversarial_az.test_c_cbsa_customs_chaos.TestCustomsValueDetermination" name="test_unconditional_discount_reduces_value" time="0.002" /><testcase classname="tests.red_team.adversarial_az.test_c_cbsa_customs_chaos.TestCustomsValueDetermination" name="test_conditional_discount_ignored" time="0.002" /><testcase classname="tests.red_team.adversarial_az.test_c_cbsa_customs_chaos.TestCustomsValueDetermination" name="test_post_import_discount_ignored" time="0.002" /><testcase classname="tests.red_team.adversarial_az.test_c_cbsa_customs_chaos.TestCustomsValueDetermination" name="test_zero_discount" time="0.002" /><testcase classname="tests.red_team.adversarial_az.test_c_cbsa_customs_chaos.TestCustomsValueDetermination" name="test_negative_invoice_amount" time="0.002" /><testcase classname="tests.red_team.adversarial_az.test_c_cbsa_customs_chaos.TestImportTaxCalculation" name="test_import_gst_on_customs_value" time="0.002"><skipped type="pytest.xfail" message="calculate_import_gst signature differs" /></testcase><testcase classname="tests.red_team.adversarial_az.test_c_cbsa_customs_chaos.TestImportTaxCalculation" name="test_import_qst_quebec" time="0.003"><skipped type="pytest.xfail" message="calculate_qst_on_import signature differs" /></testcase><testcase classname="tests.red_team.adversarial_az.test_c_cbsa_customs_chaos.TestPlaceOfSupply" name="test_pos_qc_recipient" time="0.002"><skipped type="pytest.xfail" message="determine_remote_service_supply not available" /></testcase><testcase classname="tests.red_team.adversarial_az.test_c_cbsa_customs_chaos.TestPlaceOfSupply" name="test_pos_on_recipient" time="0.002"><skipped type="pytest.xfail" message="determine_remote_service_supply not available" /></testcase><testcase classname="tests.red_team.adversarial_az.test_c_cbsa_customs_chaos.TestPlaceOfSupply" name="test_pos_same_province" time="0.002"><skipped type="pytest.xfail" message="determine_remote_service_supply not available" /></testcase><testcase classname="tests.red_team.adversarial_az.test_c_cbsa_customs_chaos.TestCustomsDeterminism" name="test_customs_value_deterministic" time="0.004" /><testcase classname="tests.red_team.adversarial_az.test_d_date_ambiguity_destruction.TestDDMMvsMMDD" name="test_ambiguous_date_flags_uncertainty" time="0.002" /><testcase classname="tests.red_team.adversarial_az.test_d_date_ambiguity_destruction.TestDDMMvsMMDD" name="test_unambiguous_dates_not_flagged" time="0.003" /><testcase classname="tests.red_team.adversarial_az.test_d_date_ambiguity_destruction.TestDDMMvsMMDD" name="test_parametrized_ambiguity[01/02/2025-True]" time="0.002" /><testcase classname="tests.red_team.adversarial_az.test_d_date_ambiguity_destruction.TestDDMMvsMMDD" name="test_parametrized_ambiguity[13/02/2025-False]" time="0.002" /><testcase classname="tests.red_team.adversarial_az.test_d_date_ambiguity_destruction.TestDDMMvsMMDD" name="test_parametrized_ambiguity[02/13/2025-False]" time="0.002" /><testcase classname="tests.red_team.adversarial_az.test_d_date_ambiguity_destruction.TestDDMMvsMMDD" name="test_parametrized_ambiguity[12/12/2025-True]" time="0.003"><failure message="AssertionError: assert (True is False or False is True)&#10; +  where True = UncertaintyState(can_post=True, partial_post_allowed=False, must_block=False, unresolved_reasons=[], confidence_by_field={'date': 0.95, 'vendor': 0.95, 'amount': 0.99}, posting_recommendation='SAFE_TO_POST').can_post&#10; +  and   False = UncertaintyState(can_post=True, partial_post_allowed=False, must_block=False, unresolved_reasons=[], confidence_by_field={'date': 0.95, 'vendor': 0.95, 'amount': 0.99}, posting_recommendation='SAFE_TO_POST').must_block">tests\red_team\adversarial_az\test_d_date_ambiguity_destruction.py:79: in test_parametrized_ambiguity
    assert state.can_post is False or state.must_block is True
E   AssertionError: assert (True is False or False is True)
E    +  where True = UncertaintyState(can_post=True, partial_post_allowed=False, must_block=False, unresolved_reasons=[], confidence_by_field={'date': 0.95, 'vendor': 0.95, 'amount': 0.99}, posting_recommendation='SAFE_TO_POST').can_post
E    +  and   False = UncertaintyState(can_post=True, partial_post_allowed=False, must_block=False, unresolved_reasons=[], confidence_by_field={'date': 0.95, 'vendor': 0.95, 'amount': 0.99}, posting_recommendation='SAFE_TO_POST').must_block</failure></testcase><testcase classname="tests.red_team.adversarial_az.test_d_date_ambiguity_destruction.TestLeapYearBoundaries" name="test_feb_29_leap_year" time="0.003" /><testcase classname="tests.red_team.adversarial_az.test_d_date_ambiguity_destruction.TestLeapYearBoundaries" name="test_feb_29_document_date" time="0.011" /><testcase classname="tests.red_team.adversarial_az.test_d_date_ambiguity_destruction.TestTimezoneTraps" name="test_midnight_utc_is_prev_day_est" time="0.002" /><testcase classname="tests.red_team.adversarial_az.test_d_date_ambiguity_destruction.TestTimezoneTraps" name="test_year_end_timezone_cutoff" time="0.002" /><testcase classname="tests.red_team.adversarial_az.test_d_date_ambiguity_destruction.TestFiscalPeriodCrossover" name="test_invoice_date_vs_receipt_date" time="0.002" /><testcase classname="tests.red_team.adversarial_az.test_d_date_ambiguity_destruction.TestFiscalPeriodCrossover" name="test_credit_memo_crosses_quarter" time="0.002" /><testcase classname="tests.red_team.adversarial_az.test_d_date_ambiguity_destruction.TestDateDeterminism" name="test_uncertainty_deterministic_with_same_confidence" time="0.003" /><testcase classname="tests.red_team.adversarial_az.test_e_export_corruption.TestCSVInjection" name="test_formula_in_vendor_name" time="0.003"><failure message="TypeError: generate_csv() got an unexpected keyword argument 'client_code'">tests\red_team\adversarial_az\test_e_export_corruption.py:82: in test_formula_in_vendor_name
    result = generate_csv([doc], client_code="TEST01")
             ^^^^^^^^^^^^^^^^^^^^^^^^^^^^^^^^^^^^^^^^^
E   TypeError: generate_csv() got an unexpected keyword argument 'client_code'</failure></testcase><testcase classname="tests.red_team.adversarial_az.test_e_export_corruption.TestCSVInjection" name="test_pipe_command_injection" time="0.002"><failure message="TypeError: generate_csv() got an unexpected keyword argument 'client_code'">tests\red_team\adversarial_az\test_e_export_corruption.py:95: in test_pipe_command_injection
    result = generate_csv([doc], client_code="TEST01")
             ^^^^^^^^^^^^^^^^^^^^^^^^^^^^^^^^^^^^^^^^^
E   TypeError: generate_csv() got an unexpected keyword argument 'client_code'</failure></testcase><testcase classname="tests.red_team.adversarial_az.test_e_export_corruption.TestCSVInjection" name="test_known_csv_injection_payloads[=HYPERLINK(&quot;https://evil.com&quot;,&quot;Click&quot;)]" time="0.002"><failure message="TypeError: generate_csv() got an unexpected keyword argument 'client_code'">tests\red_team\adversarial_az\test_e_export_corruption.py:110: in test_known_csv_injection_payloads
    result = generate_csv([doc], client_code="TEST01")
             ^^^^^^^^^^^^^^^^^^^^^^^^^^^^^^^^^^^^^^^^^
E   TypeError: generate_csv() got an unexpected keyword argument 'client_code'</failure></testcase><testcase classname="tests.red_team.adversarial_az.test_e_export_corruption.TestCSVInjection" name="test_known_csv_injection_payloads[+cmd|' /C calc'!A0]" time="0.003"><failure message="TypeError: generate_csv() got an unexpected keyword argument 'client_code'">tests\red_team\adversarial_az\test_e_export_corruption.py:110: in test_known_csv_injection_payloads
    result = generate_csv([doc], client_code="TEST01")
             ^^^^^^^^^^^^^^^^^^^^^^^^^^^^^^^^^^^^^^^^^
E   TypeError: generate_csv() got an unexpected keyword argument 'client_code'</failure></testcase><testcase classname="tests.red_team.adversarial_az.test_e_export_corruption.TestCSVInjection" name="test_known_csv_injection_payloads[-1+1|cmd]" time="0.002"><failure message="TypeError: generate_csv() got an unexpected keyword argument 'client_code'">tests\red_team\adversarial_az\test_e_export_corruption.py:110: in test_known_csv_injection_payloads
    result = generate_csv([doc], client_code="TEST01")
             ^^^^^^^^^^^^^^^^^^^^^^^^^^^^^^^^^^^^^^^^^
E   TypeError: generate_csv() got an unexpected keyword argument 'client_code'</failure></testcase><testcase classname="tests.red_team.adversarial_az.test_e_export_corruption.TestCSVInjection" name="test_known_csv_injection_payloads[@SUM(1+1)*cmd|' /C calc'!A0]" time="0.002"><failure message="TypeError: generate_csv() got an unexpected keyword argument 'client_code'">tests\red_team\adversarial_az\test_e_export_corruption.py:110: in test_known_csv_injection_payloads
    result = generate_csv([doc], client_code="TEST01")
             ^^^^^^^^^^^^^^^^^^^^^^^^^^^^^^^^^^^^^^^^^
E   TypeError: generate_csv() got an unexpected keyword argument 'client_code'</failure></testcase><testcase classname="tests.red_team.adversarial_az.test_e_export_corruption.TestTaxDecompositionExport" name="test_gst_qst_decomposition_roundtrip" time="0.001" /><testcase classname="tests.red_team.adversarial_az.test_e_export_corruption.TestTaxDecompositionExport" name="test_hst_decomposition" time="0.002" /><testcase classname="tests.red_team.adversarial_az.test_e_export_corruption.TestTaxDecompositionExport" name="test_exempt_no_tax" time="0.002" /><testcase classname="tests.red_team.adversarial_az.test_e_export_corruption.TestTaxDecompositionExport" name="test_none_tax_code" time="0.002" /><testcase classname="tests.red_team.adversarial_az.test_e_export_corruption.TestTaxDecompositionExport" name="test_tax_decomposition_edge_amounts[amount0]" time="0.002" /><testcase classname="tests.red_team.adversarial_az.test_e_export_corruption.TestTaxDecompositionExport" name="test_tax_decomposition_edge_amounts[amount1]" time="0.002" /><testcase classname="tests.red_team.adversarial_az.test_e_export_corruption.TestTaxDecompositionExport" name="test_tax_decomposition_edge_amounts[amount2]" time="0.002" /><testcase classname="tests.red_team.adversarial_az.test_e_export_corruption.TestTaxDecompositionExport" name="test_tax_decomposition_edge_amounts[amount3]" time="0.002" /><testcase classname="tests.red_team.adversarial_az.test_e_export_corruption.TestUnicodeExport" name="test_french_accents_in_vendor" time="0.002"><failure message="TypeError: generate_csv() got an unexpected keyword argument 'client_code'">tests\red_team\adversarial_az\test_e_export_corruption.py:179: in test_french_accents_in_vendor
    result = generate_csv([doc], client_code="TEST01")
             ^^^^^^^^^^^^^^^^^^^^^^^^^^^^^^^^^^^^^^^^^
E   TypeError: generate_csv() got an unexpected keyword argument 'client_code'</failure></testcase><testcase classname="tests.red_team.adversarial_az.test_e_export_corruption.TestUnicodeExport" name="test_empty_document_list" time="0.002"><failure message="TypeError: generate_csv() got an unexpected keyword argument 'client_code'">tests\red_team\adversarial_az\test_e_export_corruption.py:186: in test_empty_document_list
    result = generate_csv([], client_code="TEST01")
             ^^^^^^^^^^^^^^^^^^^^^^^^^^^^^^^^^^^^^^
E   TypeError: generate_csv() got an unexpected keyword argument 'client_code'</failure></testcase><testcase classname="tests.red_team.adversarial_az.test_e_export_corruption.TestUnicodeExport" name="test_null_fields_in_export" time="0.002"><skipped type="pytest.xfail" message="P2 DEFECT: Export crashes on None fields: generate_csv() got an unexpected keyword argument 'client_code'" /></testcase><testcase classname="tests.red_team.adversarial_az.test_e_export_corruption.TestExportDeterminism" name="test_csv_deterministic" time="0.003"><failure message="TypeError: generate_csv() got an unexpected keyword argument 'client_code'">tests\red_team\adversarial_az\test_e_export_corruption.py:213: in test_csv_deterministic
    r = generate_csv([doc], client_code="TEST01")
        ^^^^^^^^^^^^^^^^^^^^^^^^^^^^^^^^^^^^^^^^^
E   TypeError: generate_csv() got an unexpected keyword argument 'client_code'</failure></testcase><testcase classname="tests.red_team.adversarial_az.test_e_export_corruption.TestExportDeterminism" name="test_tax_extraction_deterministic" time="0.002" /><testcase classname="tests.red_team.adversarial_az.test_f_fraud_engine_evasion.TestAmountSplittingEvasion" name="test_split_below_new_vendor_threshold" time="0.004"><skipped type="pytest.xfail" message="P2: No invoice-splitting detection exists" /></testcase><testcase classname="tests.red_team.adversarial_az.test_f_fraud_engine_evasion.TestAmountSplittingEvasion" name="test_round_number_evasion_by_adding_cents" time="0.004" /><testcase classname="tests.red_team.adversarial_az.test_f_fraud_engine_evasion.TestWeekendHolidayBoundary" name="test_weekend_amount_boundary[199.99-True-False]" time="0.004" /><testcase classname="tests.red_team.adversarial_az.test_f_fraud_engine_evasion.TestWeekendHolidayBoundary" name="test_weekend_amount_boundary[200.0-True-False]" time="0.004" /><testcase classname="tests.red_team.adversarial_az.test_f_fraud_engine_evasion.TestWeekendHolidayBoundary" name="test_weekend_amount_boundary[200.01-True-True]" time="0.004" /><testcase classname="tests.red_team.adversarial_az.test_f_fraud_engine_evasion.TestWeekendHolidayBoundary" name="test_weekend_amount_boundary[10000.0-False-False]" time="0.004" /><testcase classname="tests.red_team.adversarial_az.test_f_fraud_engine_evasion.TestDuplicateNearMiss" name="test_exact_duplicate_same_vendor" time="0.004" /><testcase classname="tests.red_team.adversarial_az.test_f_fraud_engine_evasion.TestDuplicateNearMiss" name="test_one_cent_difference_not_duplicate" time="0.004" /><testcase classname="tests.red_team.adversarial_az.test_f_fraud_engine_evasion.TestDuplicateNearMiss" name="test_cross_vendor_same_amount" time="0.003" /><testcase classname="tests.red_team.adversarial_az.test_f_fraud_engine_evasion.TestLargeCreditNote" name="test_large_credit_note_flagged" time="0.004" /><testcase classname="tests.red_team.adversarial_az.test_f_fraud_engine_evasion.TestLargeCreditNote" name="test_credit_note_just_below_threshold" time="0.003" /><testcase classname="tests.red_team.adversarial_az.test_f_fraud_engine_evasion.TestFraudDeterminism" name="test_fraud_constants_deterministic" time="0.002" /><testcase classname="tests.red_team.adversarial_az.test_g_gl_suggestion_sabotage.TestContradictoryPatterns" name="test_conflicting_gl_for_same_vendor" time="0.001"><skipped type="pytest.skip" message="GL learning not available">C:\Users\shaddad\OneDrive - Basement Systems Quebec\Desktop\samer Haddad\LedgerLinkAi\tests\red_team\adversarial_az\test_g_gl_suggestion_sabotage.py:80: GL learning not available</skipped></testcase><testcase classname="tests.red_team.adversarial_az.test_g_gl_suggestion_sabotage.TestContradictoryPatterns" name="test_pattern_flooding" time="0.005"><skipped type="pytest.xfail" message="P2 DEFECT: GL suggestion uses simple majority — adversary can flood to override legitimate pattern" /></testcase><testcase classname="tests.red_team.adversarial_az.test_g_gl_suggestion_sabotage.TestCrossClientGLLeakage" name="test_gl_pattern_isolated_by_client" time="0.003" /><testcase classname="tests.red_team.adversarial_az.test_g_gl_suggestion_sabotage.TestCrossClientGLLeakage" name="test_vendor_key_normalization_consistent" time="0.005"><skipped type="pytest.xfail" message="P3 DEFECT: vendor_key not normalized — case variants create separate patterns" /></testcase><testcase classname="tests.red_team.adversarial_az.test_g_gl_suggestion_sabotage.TestGLDeterminism" name="test_suggestion_deterministic" time="0.004" /><testcase classname="tests.red_team.adversarial_az.test_h_hallucination_guard_attack.TestFabricatedTotals" name="test_total_exceeds_line_items" time="0.002"><failure message="TypeError: verify_numeric_totals() got an unexpected keyword argument 'claimed_total'">tests\red_team\adversarial_az\test_h_hallucination_guard_attack.py:41: in test_total_exceeds_line_items
    result = verify_numeric_totals(
E   TypeError: verify_numeric_totals() got an unexpected keyword argument 'claimed_total'</failure></testcase><testcase classname="tests.red_team.adversarial_az.test_h_hallucination_guard_attack.TestFabricatedTotals" name="test_total_less_than_line_items" time="0.002"><failure message="TypeError: verify_numeric_totals() got an unexpected keyword argument 'claimed_total'">tests\red_team\adversarial_az\test_h_hallucination_guard_attack.py:55: in test_total_less_than_line_items
    result = verify_numeric_totals(
E   TypeError: verify_numeric_totals() got an unexpected keyword argument 'claimed_total'</failure></testcase><testcase classname="tests.red_team.adversarial_az.test_h_hallucination_guard_attack.TestFabricatedTotals" name="test_exact_match_passes" time="0.002"><failure message="TypeError: verify_numeric_totals() got an unexpected keyword argument 'claimed_total'">tests\red_team\adversarial_az\test_h_hallucination_guard_attack.py:66: in test_exact_match_passes
    result = verify_numeric_totals(
E   TypeError: verify_numeric_totals() got an unexpected keyword argument 'claimed_total'</failure></testcase><testcase classname="tests.red_team.adversarial_az.test_h_hallucination_guard_attack.TestFabricatedTotals" name="test_penny_rounding_tolerance" time="0.002"><failure message="TypeError: verify_numeric_totals() got an unexpected keyword argument 'claimed_total'">tests\red_team\adversarial_az\test_h_hallucination_guard_attack.py:77: in test_penny_rounding_tolerance
    result = verify_numeric_totals(
E   TypeError: verify_numeric_totals() got an unexpected keyword argument 'claimed_total'</failure></testcase><testcase classname="tests.red_team.adversarial_az.test_h_hallucination_guard_attack.TestFabricatedTotals" name="test_negative_total" time="0.002"><failure message="TypeError: verify_numeric_totals() got an unexpected keyword argument 'claimed_total'">tests\red_team\adversarial_az\test_h_hallucination_guard_attack.py:91: in test_negative_total
    result = verify_numeric_totals(
E   TypeError: verify_numeric_totals() got an unexpected keyword argument 'claimed_total'</failure></testcase><testcase classname="tests.red_team.adversarial_az.test_h_hallucination_guard_attack.TestFabricatedTotals" name="test_zero_total_with_items" time="0.002"><failure message="TypeError: verify_numeric_totals() got an unexpected keyword argument 'claimed_total'">tests\red_team\adversarial_az\test_h_hallucination_guard_attack.py:102: in test_zero_total_with_items
    result = verify_numeric_totals(
E   TypeError: verify_numeric_totals() got an unexpected keyword argument 'claimed_total'</failure></testcase><testcase classname="tests.red_team.adversarial_az.test_h_hallucination_guard_attack.TestAIOutputVerification" name="test_phantom_vendor_name" time="0.002"><failure message="TypeError: verify_ai_output() got an unexpected keyword argument 'ai_output'">tests\red_team\adversarial_az\test_h_hallucination_guard_attack.py:121: in test_phantom_vendor_name
    result = verify_ai_output(
E   TypeError: verify_ai_output() got an unexpected keyword argument 'ai_output'</failure></testcase><testcase classname="tests.red_team.adversarial_az.test_h_hallucination_guard_attack.TestAIOutputVerification" name="test_amount_not_in_source" time="0.002"><failure message="TypeError: verify_ai_output() got an unexpected keyword argument 'ai_output'">tests\red_team\adversarial_az\test_h_hallucination_guard_attack.py:133: in test_amount_not_in_source
    result = verify_ai_output(
E   TypeError: verify_ai_output() got an unexpected keyword argument 'ai_output'</failure></testcase><testcase classname="tests.red_team.adversarial_az.test_h_hallucination_guard_attack.TestAIOutputVerification" name="test_prompt_injection_in_vendor_field" time="0.003"><failure message="TypeError: verify_ai_output() got an unexpected keyword argument 'ai_output'">tests\red_team\adversarial_az\test_h_hallucination_guard_attack.py:145: in test_prompt_injection_in_vendor_field
    result = verify_ai_output(
E   TypeError: verify_ai_output() got an unexpected keyword argument 'ai_output'</failure></testcase><testcase classname="tests.red_team.adversarial_az.test_h_hallucination_guard_attack.TestHallucinationEdgeCases" name="test_empty_source_text" time="0.002"><failure message="TypeError: verify_ai_output() got an unexpected keyword argument 'ai_output'">tests\red_team\adversarial_az\test_h_hallucination_guard_attack.py:169: in test_empty_source_text
    result = verify_ai_output(
E   TypeError: verify_ai_output() got an unexpected keyword argument 'ai_output'</failure></testcase><testcase classname="tests.red_team.adversarial_az.test_h_hallucination_guard_attack.TestHallucinationEdgeCases" name="test_empty_ai_output" time="0.002" /><testcase classname="tests.red_team.adversarial_az.test_h_hallucination_guard_attack.TestHallucinationEdgeCases" name="test_unicode_amounts" time="0.002"><failure message="TypeError: verify_numeric_totals() got an unexpected keyword argument 'claimed_total'">tests\red_team\adversarial_az\test_h_hallucination_guard_attack.py:188: in test_unicode_amounts
    result = verify_numeric_totals(
E   TypeError: verify_numeric_totals() got an unexpected keyword argument 'claimed_total'</failure></testcase><testcase classname="tests.red_team.adversarial_az.test_h_hallucination_guard_attack.TestHallucinationDeterminism" name="test_verify_totals_deterministic" time="0.002"><failure message="TypeError: verify_numeric_totals() got an unexpected keyword argument 'claimed_total'">tests\red_team\adversarial_az\test_h_hallucination_guard_attack.py:205: in test_verify_totals_deterministic
    r = verify_numeric_totals(
E   TypeError: verify_numeric_totals() got an unexpected keyword argument 'claimed_total'</failure></testcase><testcase classname="tests.red_team.adversarial_az.test_i_immutable_audit_trail.TestAppendOnlyEnforcement" name="test_delete_audit_log_entry" time="0.006"><skipped type="pytest.xfail" message="P1 DEFECT: audit_log allows DELETE — no append-only constraint. Business consequence: CRA/RQ audit trail can be destroyed." /></testcase><testcase classname="tests.red_team.adversarial_az.test_i_immutable_audit_trail.TestAppendOnlyEnforcement" name="test_update_audit_log_timestamp" time="0.008"><skipped type="pytest.xfail" message="P1 DEFECT: audit_log timestamp can be backdated via UPDATE. Business consequence: Falsified audit evidence." /></testcase><testcase classname="tests.red_team.adversarial_az.test_i_immutable_audit_trail.TestAppendOnlyEnforcement" name="test_update_audit_event_type" time="0.007"><skipped type="pytest.xfail" message="P1 DEFECT: audit_log event_type can be overwritten. A fraud detection event can be disguised as approval." /></testcase><testcase classname="tests.red_team.adversarial_az.test_i_immutable_audit_trail.TestWorkingPaperImmutability" name="test_create_and_signoff_working_paper" time="0.006"><failure message="TypeError: create_working_paper() missing 1 required positional argument: 'engagement_type'">tests\red_team\adversarial_az\test_i_immutable_audit_trail.py:133: in test_create_and_signoff_working_paper
    paper_id = create_working_paper(
E   TypeError: create_working_paper() missing 1 required positional argument: 'engagement_type'</failure></testcase><testcase classname="tests.red_team.adversarial_az.test_i_immutable_audit_trail.TestWorkingPaperImmutability" name="test_add_item_to_signed_paper" time="0.006"><failure message="TypeError: create_working_paper() missing 1 required positional argument: 'engagement_type'">tests\red_team\adversarial_az\test_i_immutable_audit_trail.py:172: in test_add_item_to_signed_paper
    paper_id = create_working_paper(
E   TypeError: create_working_paper() missing 1 required positional argument: 'engagement_type'</failure></testcase><testcase classname="tests.red_team.adversarial_az.test_i_immutable_audit_trail.TestAuditTrailCompleteness" name="test_document_insert_creates_log" time="0.006"><skipped type="pytest.xfail" message="P3 DEFECT: Document insertion does not auto-create audit log entry" /></testcase><testcase classname="tests.red_team.adversarial_az.test_i_immutable_audit_trail.TestAuditTrailCompleteness" name="test_sequential_log_ids" time="0.006" /><testcase classname="tests.red_team.adversarial_az.test_i_immutable_audit_trail.TestConcurrentAuditTrail" name="test_parallel_audit_writes" time="0.019" /><testcase classname="tests.red_team.adversarial_az.test_i_immutable_audit_trail.TestAuditDeterminism" name="test_working_paper_creation_deterministic" time="0.006"><failure message="TypeError: create_working_paper() missing 1 required positional argument: 'engagement_type'">tests\red_team\adversarial_az\test_i_immutable_audit_trail.py:276: in test_working_paper_creation_deterministic
    pid = create_working_paper(
E   TypeError: create_working_paper() missing 1 required positional argument: 'engagement_type'</failure></testcase><testcase classname="tests.red_team.adversarial_az.test_j_journal_abuse.TestUnbalancedJournals" name="test_validate_balanced_journal" time="0.007" /><testcase classname="tests.red_team.adversarial_az.test_j_journal_abuse.TestUnbalancedJournals" name="test_validate_unbalanced_journal" time="0.007" /><testcase classname="tests.red_team.adversarial_az.test_j_journal_abuse.TestJournalCorrectionCollision" name="test_collision_detected" time="0.007" /><testcase classname="tests.red_team.adversarial_az.test_j_journal_abuse.TestJournalCorrectionCollision" name="test_collision_creates_uncertainty" time="0.002" /><testcase classname="tests.red_team.adversarial_az.test_j_journal_abuse.TestJournalQuarantine" name="test_quarantine_sets_status" time="0.007"><failure message="RuntimeError: manual_journal_entries table missing">tests\red_team\adversarial_az\test_j_journal_abuse.py:211: in test_quarantine_sets_status
    quarantine_manual_journal(conn, entry_id="mje-quar",
src\engines\concurrency_engine.py:384: in quarantine_manual_journal
    raise RuntimeError("manual_journal_entries table missing")
E   RuntimeError: manual_journal_entries table missing</failure></testcase><testcase classname="tests.red_team.adversarial_az.test_j_journal_abuse.TestPeriodManipulation" name="test_journal_in_closed_period" time="0.007"><skipped type="pytest.xfail" message="P2 DEFECT: Manual journal accepted in closed period without check" /></testcase><testcase classname="tests.red_team.adversarial_az.test_j_journal_abuse.TestJournalDeterminism" name="test_collision_reason_deterministic" time="0.002" /><testcase classname="tests.red_team.adversarial_az.test_k_key_session_abuse.TestSessionTokenAttacks" name="test_forged_session_rejected" time="0.003" /><testcase classname="tests.red_team.adversarial_az.test_k_key_session_abuse.TestSessionTokenAttacks" name="test_revoked_session_rejected" time="0.003" /><testcase classname="tests.red_team.adversarial_az.test_k_key_session_abuse.TestSessionTokenAttacks" name="test_expired_session_rejected" time="0.002" /><testcase classname="tests.red_team.adversarial_az.test_k_key_session_abuse.TestSessionTokenAttacks" name="test_session_fixation" time="0.003" /><testcase classname="tests.red_team.adversarial_az.test_k_key_session_abuse.TestRoleEscalation" name="test_direct_role_update" time="0.003"><skipped type="pytest.xfail" message="P1 DEFECT: No trigger/constraint prevents direct role escalation in sessions table" /></testcase><testcase classname="tests.red_team.adversarial_az.test_k_key_session_abuse.TestMachineFingerprintAttacks" name="test_fingerprint_deterministic" time="0.001"><skipped type="pytest.skip" message="License engine not available">C:\Users\shaddad\OneDrive - Basement Systems Quebec\Desktop\samer Haddad\LedgerLinkAi\tests\red_team\adversarial_az\test_k_key_session_abuse.py:174: License engine not available</skipped></testcase><testcase classname="tests.red_team.adversarial_az.test_k_key_session_abuse.TestMachineFingerprintAttacks" name="test_fingerprint_not_trivially_spoofable" time="0.001"><skipped type="pytest.skip" message="License engine not available">C:\Users\shaddad\OneDrive - Basement Systems Quebec\Desktop\samer Haddad\LedgerLinkAi\tests\red_team\adversarial_az\test_k_key_session_abuse.py:180: License engine not available</skipped></testcase><testcase classname="tests.red_team.adversarial_az.test_k_key_session_abuse.TestSessionDeterminism" name="test_session_lookup_deterministic" time="0.003" /><testcase classname="tests.red_team.adversarial_az.test_l_localization_war.TestAccentHandling" name="test_strip_accents_function" time="0.002" /><testcase classname="tests.red_team.adversarial_az.test_l_localization_war.TestAccentHandling" name="test_cedilla" time="0.001" /><testcase classname="tests.red_team.adversarial_az.test_l_localization_war.TestAccentHandling" name="test_accented_vendor_in_classifier" time="0.058"><failure message="AssertionError: DEFECT: Accented 'Équipements' not detected as CapEx&#10;assert False is True&#10; +  where False = &lt;built-in method get of dict object at 0x00000299A50DDA80&gt;('is_capex', False)&#10; +    where &lt;built-in method get of dict object at 0x00000299A50DDA80&gt; = {'block_auto_approval': False, 'mixed_tax_invoice': False, 'potential_capex': True, 'potential_customer_deposit': False, ...}.get">tests\red_team\adversarial_az\test_l_localization_war.py:60: in test_accented_vendor_in_classifier
    assert r.get("is_capex", False) is True, (
E   AssertionError: DEFECT: Accented 'Équipements' not detected as CapEx
E   assert False is True
E    +  where False = &lt;built-in method get of dict object at 0x00000299A50DDA80&gt;('is_capex', False)
E    +    where &lt;built-in method get of dict object at 0x00000299A50DDA80&gt; = {'block_auto_approval': False, 'mixed_tax_invoice': False, 'potential_capex': True, 'potential_customer_deposit': False, ...}.get</failure></testcase><testcase classname="tests.red_team.adversarial_az.test_l_localization_war.TestAccentHandling" name="test_unaccented_equivalent_same_result" time="0.008" /><testcase classname="tests.red_team.adversarial_az.test_l_localization_war.TestBilingualUncertainty" name="test_uncertainty_reason_bilingual" time="0.002" /><testcase classname="tests.red_team.adversarial_az.test_l_localization_war.TestBilingualUncertainty" name="test_all_reason_codes_have_both_languages" time="0.001" /><testcase classname="tests.red_team.adversarial_az.test_l_localization_war.TestMixedLanguageInput" name="test_franglais_vendor_name" time="0.003" /><testcase classname="tests.red_team.adversarial_az.test_l_localization_war.TestMixedLanguageInput" name="test_french_memo_english_vendor" time="0.003"><failure message="AssertionError: DEFECT: French memo 'machinerie lourde' not detected as CapEx&#10;assert False is True&#10; +  where False = &lt;built-in method get of dict object at 0x00000299A5BD0B00&gt;('is_capex', False)&#10; +    where &lt;built-in method get of dict object at 0x00000299A5BD0B00&gt; = {'block_auto_approval': False, 'mixed_tax_invoice': False, 'potential_capex': True, 'potential_customer_deposit': False, ...}.get">tests\red_team\adversarial_az\test_l_localization_war.py:132: in test_french_memo_english_vendor
    assert r.get("is_capex", False) is True, (
E   AssertionError: DEFECT: French memo 'machinerie lourde' not detected as CapEx
E   assert False is True
E    +  where False = &lt;built-in method get of dict object at 0x00000299A5BD0B00&gt;('is_capex', False)
E    +    where &lt;built-in method get of dict object at 0x00000299A5BD0B00&gt; = {'block_auto_approval': False, 'mixed_tax_invoice': False, 'potential_capex': True, 'potential_customer_deposit': False, ...}.get</failure></testcase><testcase classname="tests.red_team.adversarial_az.test_l_localization_war.TestMixedLanguageInput" name="test_emoji_in_vendor_name" time="0.005" /><testcase classname="tests.red_team.adversarial_az.test_l_localization_war.TestEncodingEdgeCases" name="test_null_bytes_in_vendor" time="0.002" /><testcase classname="tests.red_team.adversarial_az.test_l_localization_war.TestEncodingEdgeCases" name="test_very_long_vendor_name" time="0.007" /><testcase classname="tests.red_team.adversarial_az.test_l_localization_war.TestEncodingEdgeCases" name="test_rtl_text" time="0.003" /><testcase classname="tests.red_team.adversarial_az.test_l_localization_war.TestEncodingEdgeCases" name="test_cjk_characters" time="0.003" /><testcase classname="tests.red_team.adversarial_az.test_l_localization_war.TestLocalizationDeterminism" name="test_strip_accents_deterministic" time="0.002" /><testcase classname="tests.red_team.adversarial_az.test_l_localization_war.TestLocalizationDeterminism" name="test_classifier_deterministic_bilingual" time="0.003" /><testcase classname="tests.red_team.adversarial_az.test_m_multicurrency_meltdown.TestFxRateAttacks" name="test_zero_rate" time="0.002" /><testcase classname="tests.red_team.adversarial_az.test_m_multicurrency_meltdown.TestFxRateAttacks" name="test_negative_rate" time="0.002" /><testcase classname="tests.red_team.adversarial_az.test_m_multicurrency_meltdown.TestFxRateAttacks" name="test_extreme_rate" time="0.002" /><testcase classname="tests.red_team.adversarial_az.test_m_multicurrency_meltdown.TestFxRateAttacks" name="test_precision_loss_on_tiny_rate" time="0.002" /><testcase classname="tests.red_team.adversarial_az.test_m_multicurrency_meltdown.TestFxRateAttacks" name="test_rate_precision_roundtrip" time="0.002"><failure message="AssertionError: FX roundtrip error too large: 10.00&#10;assert Decimal('10.00') &lt; Decimal('1.00')&#10; +  where Decimal('1.00') = Decimal('1.00')">tests\red_team\adversarial_az\test_m_multicurrency_meltdown.py:92: in test_rate_precision_roundtrip
    assert diff &lt; Decimal("1.00"), (
E   AssertionError: FX roundtrip error too large: 10.00
E   assert Decimal('10.00') &lt; Decimal('1.00')
E    +  where Decimal('1.00') = Decimal('1.00')</failure></testcase><testcase classname="tests.red_team.adversarial_az.test_m_multicurrency_meltdown.TestUnsupportedCurrency" name="test_supported_currencies_list" time="0.002" /><testcase classname="tests.red_team.adversarial_az.test_m_multicurrency_meltdown.TestUnsupportedCurrency" name="test_unsupported_currency_handling" time="0.002" /><testcase classname="tests.red_team.adversarial_az.test_m_multicurrency_meltdown.TestBasisLotFIFO" name="test_fifo_lot_consumption" time="0.002" /><testcase classname="tests.red_team.adversarial_az.test_m_multicurrency_meltdown.TestBasisLotFIFO" name="test_overpayment_detection" time="0.002" /><testcase classname="tests.red_team.adversarial_az.test_m_multicurrency_meltdown.TestGainLossCalculation" name="test_fx_gain_on_strengthening_cad" time="0.002" /><testcase classname="tests.red_team.adversarial_az.test_m_multicurrency_meltdown.TestGainLossCalculation" name="test_fx_loss_on_weakening_cad" time="0.002" /><testcase classname="tests.red_team.adversarial_az.test_m_multicurrency_meltdown.TestGainLossCalculation" name="test_same_rate_zero_gain_loss" time="0.002" /><testcase classname="tests.red_team.adversarial_az.test_m_multicurrency_meltdown.TestMulticurrencyDeterminism" name="test_fx_conversion_deterministic" time="0.004" /><testcase classname="tests.red_team.adversarial_az.test_m_multicurrency_meltdown.TestMulticurrencyDeterminism" name="test_round_deterministic" time="0.002" /><testcase classname="tests.red_team.adversarial_az.test_n_null_data_nastiness.TestTaxEngineNulls" name="test_none_amount" time="0.001" /><testcase classname="tests.red_team.adversarial_az.test_n_null_data_nastiness.TestTaxEngineNulls" name="test_empty_string_amount" time="0.002" /><testcase classname="tests.red_team.adversarial_az.test_n_null_data_nastiness.TestTaxEngineNulls" name="test_nan_amount" time="0.002" /><testcase classname="tests.red_team.adversarial_az.test_n_null_data_nastiness.TestTaxEngineNulls" name="test_infinity_amount" time="0.002" /><testcase classname="tests.red_team.adversarial_az.test_n_null_data_nastiness.TestTaxEngineNulls" name="test_negative_infinity" time="0.002" /><testcase classname="tests.red_team.adversarial_az.test_n_null_data_nastiness.TestTaxEngineNulls" name="test_zero_amount" time="0.002" /><testcase classname="tests.red_team.adversarial_az.test_n_null_data_nastiness.TestTaxEngineNulls" name="test_negative_amount" time="0.001" /><testcase classname="tests.red_team.adversarial_az.test_n_null_data_nastiness.TestTaxEngineNulls" name="test_extract_tax_from_none" time="0.002" /><testcase classname="tests.red_team.adversarial_az.test_n_null_data_nastiness.TestTaxEngineNulls" name="test_extract_tax_from_empty" time="0.002" /><testcase classname="tests.red_team.adversarial_az.test_n_null_data_nastiness.TestTaxEngineNulls" name="test_to_decimal_nan_rejected" time="0.002" /><testcase classname="tests.red_team.adversarial_az.test_n_null_data_nastiness.TestTaxEngineNulls" name="test_to_decimal_inf_rejected" time="0.002" /><testcase classname="tests.red_team.adversarial_az.test_n_null_data_nastiness.TestTaxEngineNulls" name="test_invalid_string_amounts[abc]" time="0.002" /><testcase classname="tests.red_team.adversarial_az.test_n_null_data_nastiness.TestTaxEngineNulls" name="test_invalid_string_amounts[twelve]" time="0.002" /><testcase classname="tests.red_team.adversarial_az.test_n_null_data_nastiness.TestTaxEngineNulls" name="test_invalid_string_amounts[$100]" time="0.002" /><testcase classname="tests.red_team.adversarial_az.test_n_null_data_nastiness.TestTaxEngineNulls" name="test_invalid_string_amounts[100,000.00]" time="0.002" /><testcase classname="tests.red_team.adversarial_az.test_n_null_data_nastiness.TestTaxEngineNulls" name="test_invalid_string_amounts[100 000,00]" time="0.002" /><testcase classname="tests.red_team.adversarial_az.test_n_null_data_nastiness.TestTaxEngineNulls" name="test_invalid_string_amounts[1e999]" time="0.002" /><testcase classname="tests.red_team.adversarial_az.test_n_null_data_nastiness.TestTaxEngineNulls" name="test_invalid_string_amounts[0x1A]" time="0.002" /><testcase classname="tests.red_team.adversarial_az.test_n_null_data_nastiness.TestTaxEngineNulls" name="test_invalid_string_amounts[NaN]" time="0.003" /><testcase classname="tests.red_team.adversarial_az.test_n_null_data_nastiness.TestTaxEngineNulls" name="test_invalid_string_amounts[Infinity]" time="0.003" /><testcase classname="tests.red_team.adversarial_az.test_n_null_data_nastiness.TestValidateTaxCodeNulls" name="test_none_tax_code" time="0.002" /><testcase classname="tests.red_team.adversarial_az.test_n_null_data_nastiness.TestValidateTaxCodeNulls" name="test_empty_tax_code" time="0.001" /><testcase classname="tests.red_team.adversarial_az.test_n_null_data_nastiness.TestValidateTaxCodeNulls" name="test_none_gl_account" time="0.001" /><testcase classname="tests.red_team.adversarial_az.test_n_null_data_nastiness.TestValidateTaxCodeNulls" name="test_none_province" time="0.002" /><testcase classname="tests.red_team.adversarial_az.test_n_null_data_nastiness.TestValidateTaxCodeNulls" name="test_all_none" time="0.002" /><testcase classname="tests.red_team.adversarial_az.test_n_null_data_nastiness.TestSubstanceClassifierNulls" name="test_all_none_inputs" time="0.003" /><testcase classname="tests.red_team.adversarial_az.test_n_null_data_nastiness.TestSubstanceClassifierNulls" name="test_all_empty_strings" time="0.003" /><testcase classname="tests.red_team.adversarial_az.test_n_null_data_nastiness.TestSubstanceClassifierNulls" name="test_none_vendor_with_memo" time="0.002" /><testcase classname="tests.red_team.adversarial_az.test_n_null_data_nastiness.TestSubstanceClassifierNulls" name="test_negative_amount" time="0.002" /><testcase classname="tests.red_team.adversarial_az.test_n_null_data_nastiness.TestUncertaintyEngineNulls" name="test_empty_confidence_dict" time="0.002" /><testcase classname="tests.red_team.adversarial_az.test_n_null_data_nastiness.TestUncertaintyEngineNulls" name="test_negative_confidence" time="0.002" /><testcase classname="tests.red_team.adversarial_az.test_n_null_data_nastiness.TestUncertaintyEngineNulls" name="test_confidence_above_one" time="0.001" /><testcase classname="tests.red_team.adversarial_az.test_n_null_data_nastiness.TestUncertaintyEngineNulls" name="test_nan_confidence" time="0.002"><skipped type="pytest.xfail" message="P1 DEFECT: NaN confidence produces SAFE_TO_POST" /></testcase><testcase classname="tests.red_team.adversarial_az.test_n_null_data_nastiness.TestUncertaintyEngineNulls" name="test_none_reasons_list" time="0.002" /><testcase classname="tests.red_team.adversarial_az.test_n_null_data_nastiness.TestNullDeterminism" name="test_zero_tax_deterministic" time="0.002" /><testcase classname="tests.red_team.adversarial_az.test_n_null_data_nastiness.TestNullDeterminism" name="test_empty_classifier_deterministic" time="0.028" /><testcase classname="tests.red_team.adversarial_az.test_o_ocr_sabotage.TestConfusableCharacters" name="test_invoice_number_O_vs_zero" time="0.002" /><testcase classname="tests.red_team.adversarial_az.test_o_ocr_sabotage.TestConfusableCharacters" name="test_invoice_number_I_vs_one" time="0.002" /><testcase classname="tests.red_team.adversarial_az.test_o_ocr_sabotage.TestConfusableCharacters" name="test_invoice_number_L_vs_one" time="0.002" /><testcase classname="tests.red_team.adversarial_az.test_o_ocr_sabotage.TestConfusableCharacters" name="test_invoice_number_strips_whitespace" time="0.002" /><testcase classname="tests.red_team.adversarial_az.test_o_ocr_sabotage.TestConfusableCharacters" name="test_invoice_number_strips_dashes" time="0.002" /><testcase classname="tests.red_team.adversarial_az.test_o_ocr_sabotage.TestConfusableCharacters" name="test_case_insensitive" time="0.000" /><testcase classname="tests.red_team.adversarial_az.test_o_ocr_sabotage.TestConfusableCharacters" name="test_bulk_confusable_normalization[INV-OO1-1NV001]" time="0.002" /><testcase classname="tests.red_team.adversarial_az.test_o_ocr_sabotage.TestConfusableCharacters" name="test_bulk_confusable_normalization[INV-ILO-1NV110]" time="0.002" /><testcase classname="tests.red_team.adversarial_az.test_o_ocr_sabotage.TestConfusableCharacters" name="test_bulk_confusable_normalization[F-OOOO1-F00001]" time="0.002" /><testcase classname="tests.red_team.adversarial_az.test_o_ocr_sabotage.TestOCRInjection" name="test_sql_injection_in_invoice_number" time="0.002" /><testcase classname="tests.red_team.adversarial_az.test_o_ocr_sabotage.TestOCRInjection" name="test_script_injection_in_vendor" time="0.002" /><testcase classname="tests.red_team.adversarial_az.test_o_ocr_sabotage.TestOCRInjection" name="test_path_traversal_in_filename" time="0.002" /><testcase classname="tests.red_team.adversarial_az.test_o_ocr_sabotage.TestOCREdgeCases" name="test_empty_invoice_number" time="0.002" /><testcase classname="tests.red_team.adversarial_az.test_o_ocr_sabotage.TestOCREdgeCases" name="test_whitespace_only" time="0.002" /><testcase classname="tests.red_team.adversarial_az.test_o_ocr_sabotage.TestOCREdgeCases" name="test_unicode_invoice_number" time="0.002" /><testcase classname="tests.red_team.adversarial_az.test_o_ocr_sabotage.TestOCREdgeCases" name="test_very_long_invoice_number" time="0.002" /><testcase classname="tests.red_team.adversarial_az.test_o_ocr_sabotage.TestOCREdgeCases" name="test_numeric_only" time="0.002" /><testcase classname="tests.red_team.adversarial_az.test_o_ocr_sabotage.TestOCREdgeCases" name="test_special_characters" time="0.002" /><testcase classname="tests.red_team.adversarial_az.test_o_ocr_sabotage.TestOCRDeterminism" name="test_normalization_deterministic" time="0.002" /><testcase classname="tests.red_team.adversarial_az.test_o_ocr_sabotage.TestOCRDeterminism" name="test_normalization_idempotent" time="0.002" /><testcase classname="tests.red_team.adversarial_az.test_p_payroll_pressure.TestHSFTierBoundaries" name="test_hsf_rate_at_boundary[payroll0-expected_rate0]" time="0.001" /><testcase classname="tests.red_team.adversarial_az.test_p_payroll_pressure.TestHSFTierBoundaries" name="test_hsf_rate_at_boundary[payroll1-expected_rate1]" time="0.003" /><testcase classname="tests.red_team.adversarial_az.test_p_payroll_pressure.TestHSFTierBoundaries" name="test_hsf_rate_at_boundary[payroll2-expected_rate2]" time="0.002" /><testcase classname="tests.red_team.adversarial_az.test_p_payroll_pressure.TestHSFTierBoundaries" name="test_hsf_rate_at_boundary[payroll3-expected_rate3]" time="0.002" /><testcase classname="tests.red_team.adversarial_az.test_p_payroll_pressure.TestHSFTierBoundaries" name="test_hsf_rate_at_boundary[payroll4-expected_rate4]" time="0.002" /><testcase classname="tests.red_team.adversarial_az.test_p_payroll_pressure.TestHSFTierBoundaries" name="test_hsf_rate_at_boundary[payroll5-expected_rate5]" time="0.002"><failure message="AssertionError: HSF rate for payroll $2000000: expected 0.0165, got 0.0125&#10;assert Decimal('0.0125') == Decimal('0.0165')">tests\red_team\adversarial_az\test_p_payroll_pressure.py:58: in test_hsf_rate_at_boundary
    assert actual == expected_rate, (
E   AssertionError: HSF rate for payroll $2000000: expected 0.0165, got 0.0125
E   assert Decimal('0.0125') == Decimal('0.0165')</failure></testcase><testcase classname="tests.red_team.adversarial_az.test_p_payroll_pressure.TestHSFTierBoundaries" name="test_hsf_rate_at_boundary[payroll6-expected_rate6]" time="0.002" /><testcase classname="tests.red_team.adversarial_az.test_p_payroll_pressure.TestHSFTierBoundaries" name="test_hsf_rate_at_boundary[payroll7-expected_rate7]" time="0.002" /><testcase classname="tests.red_team.adversarial_az.test_p_payroll_pressure.TestHSFTierBoundaries" name="test_hsf_rate_at_boundary[payroll8-expected_rate8]" time="0.003" /><testcase classname="tests.red_team.adversarial_az.test_p_payroll_pressure.TestHSFTierBoundaries" name="test_hsf_rate_at_boundary[payroll9-expected_rate9]" time="0.002" /><testcase classname="tests.red_team.adversarial_az.test_p_payroll_pressure.TestHSFTierBoundaries" name="test_hsf_validation_correct_rate" time="0.002" /><testcase classname="tests.red_team.adversarial_az.test_p_payroll_pressure.TestHSFTierBoundaries" name="test_hsf_validation_wrong_rate" time="0.002" /><testcase classname="tests.red_team.adversarial_az.test_p_payroll_pressure.TestHSFTierBoundaries" name="test_hsf_negative_payroll" time="0.002" /><testcase classname="tests.red_team.adversarial_az.test_p_payroll_pressure.TestHSFTierBoundaries" name="test_hsf_zero_payroll" time="0.002" /><testcase classname="tests.red_team.adversarial_az.test_p_payroll_pressure.TestHSFTierBoundaries" name="test_hsf_bilingual_error_messages" time="0.002" /><testcase classname="tests.red_team.adversarial_az.test_p_payroll_pressure.TestQPPvsCPP" name="test_qc_employee_uses_qpp" time="0.002"><failure message="TypeError: validate_qpp_cpp() got an unexpected keyword argument 'plan_used'">tests\red_team\adversarial_az\test_p_payroll_pressure.py:97: in test_qc_employee_uses_qpp
    r = validate_qpp_cpp(
E   TypeError: validate_qpp_cpp() got an unexpected keyword argument 'plan_used'</failure></testcase><testcase classname="tests.red_team.adversarial_az.test_p_payroll_pressure.TestQPPvsCPP" name="test_qc_employee_wrong_plan_cpp" time="0.002"><failure message="TypeError: validate_qpp_cpp() got an unexpected keyword argument 'plan_used'">tests\red_team\adversarial_az\test_p_payroll_pressure.py:106: in test_qc_employee_wrong_plan_cpp
    r = validate_qpp_cpp(
E   TypeError: validate_qpp_cpp() got an unexpected keyword argument 'plan_used'</failure></testcase><testcase classname="tests.red_team.adversarial_az.test_p_payroll_pressure.TestQPPvsCPP" name="test_on_employee_uses_cpp" time="0.003"><failure message="TypeError: validate_qpp_cpp() got an unexpected keyword argument 'plan_used'">tests\red_team\adversarial_az\test_p_payroll_pressure.py:116: in test_on_employee_uses_cpp
    r = validate_qpp_cpp(
E   TypeError: validate_qpp_cpp() got an unexpected keyword argument 'plan_used'</failure></testcase><testcase classname="tests.red_team.adversarial_az.test_p_payroll_pressure.TestQPPvsCPP" name="test_on_employee_wrong_plan_qpp" time="0.003"><failure message="TypeError: validate_qpp_cpp() got an unexpected keyword argument 'plan_used'">tests\red_team\adversarial_az\test_p_payroll_pressure.py:125: in test_on_employee_wrong_plan_qpp
    r = validate_qpp_cpp(
E   TypeError: validate_qpp_cpp() got an unexpected keyword argument 'plan_used'</failure></testcase><testcase classname="tests.red_team.adversarial_az.test_p_payroll_pressure.TestQPIPvsEI" name="test_qc_uses_qpip" time="0.002"><failure message="TypeError: validate_qpip_ei() got an unexpected keyword argument 'plan_used'">tests\red_team\adversarial_az\test_p_payroll_pressure.py:141: in test_qc_uses_qpip
    r = validate_qpip_ei(province="QC", plan_used="QPIP")
        ^^^^^^^^^^^^^^^^^^^^^^^^^^^^^^^^^^^^^^^^^^^^^^^^^
E   TypeError: validate_qpip_ei() got an unexpected keyword argument 'plan_used'</failure></testcase><testcase classname="tests.red_team.adversarial_az.test_p_payroll_pressure.TestQPIPvsEI" name="test_qc_on_ei_flagged" time="0.002"><failure message="TypeError: validate_qpip_ei() got an unexpected keyword argument 'plan_used'">tests\red_team\adversarial_az\test_p_payroll_pressure.py:145: in test_qc_on_ei_flagged
    r = validate_qpip_ei(province="QC", plan_used="EI")
        ^^^^^^^^^^^^^^^^^^^^^^^^^^^^^^^^^^^^^^^^^^^^^^^
E   TypeError: validate_qpip_ei() got an unexpected keyword argument 'plan_used'</failure></testcase><testcase classname="tests.red_team.adversarial_az.test_p_payroll_pressure.TestQPIPvsEI" name="test_on_uses_ei" time="0.002"><failure message="TypeError: validate_qpip_ei() got an unexpected keyword argument 'plan_used'">tests\red_team\adversarial_az\test_p_payroll_pressure.py:149: in test_on_uses_ei
    r = validate_qpip_ei(province="ON", plan_used="EI")
        ^^^^^^^^^^^^^^^^^^^^^^^^^^^^^^^^^^^^^^^^^^^^^^^
E   TypeError: validate_qpip_ei() got an unexpected keyword argument 'plan_used'</failure></testcase><testcase classname="tests.red_team.adversarial_az.test_p_payroll_pressure.TestQPIPvsEI" name="test_on_on_qpip_flagged" time="0.002"><failure message="TypeError: validate_qpip_ei() got an unexpected keyword argument 'plan_used'">tests\red_team\adversarial_az\test_p_payroll_pressure.py:153: in test_on_on_qpip_flagged
    r = validate_qpip_ei(province="ON", plan_used="QPIP")
        ^^^^^^^^^^^^^^^^^^^^^^^^^^^^^^^^^^^^^^^^^^^^^^^^^
E   TypeError: validate_qpip_ei() got an unexpected keyword argument 'plan_used'</failure></testcase><testcase classname="tests.red_team.adversarial_az.test_p_payroll_pressure.TestRL1T4Reconciliation" name="test_matching_totals_pass" time="0.002"><failure message="TypeError: reconcile_rl1_t4() got an unexpected keyword argument 'rl1_total'">tests\red_team\adversarial_az\test_p_payroll_pressure.py:165: in test_matching_totals_pass
    r = reconcile_rl1_t4(
E   TypeError: reconcile_rl1_t4() got an unexpected keyword argument 'rl1_total'</failure></testcase><testcase classname="tests.red_team.adversarial_az.test_p_payroll_pressure.TestRL1T4Reconciliation" name="test_mismatched_totals_flagged" time="0.002"><failure message="TypeError: reconcile_rl1_t4() got an unexpected keyword argument 'rl1_total'">tests\red_team\adversarial_az\test_p_payroll_pressure.py:173: in test_mismatched_totals_flagged
    r = reconcile_rl1_t4(
E   TypeError: reconcile_rl1_t4() got an unexpected keyword argument 'rl1_total'</failure></testcase><testcase classname="tests.red_team.adversarial_az.test_p_payroll_pressure.TestRL1T4Reconciliation" name="test_penny_difference_passes" time="0.002"><failure message="TypeError: reconcile_rl1_t4() got an unexpected keyword argument 'rl1_total'">tests\red_team\adversarial_az\test_p_payroll_pressure.py:181: in test_penny_difference_passes
    r = reconcile_rl1_t4(
E   TypeError: reconcile_rl1_t4() got an unexpected keyword argument 'rl1_total'</failure></testcase><testcase classname="tests.red_team.adversarial_az.test_p_payroll_pressure.TestPayrollDeterminism" name="test_hsf_rate_deterministic" time="0.002" /><testcase classname="tests.red_team.adversarial_az.test_p_payroll_pressure.TestPayrollDeterminism" name="test_validate_deterministic" time="0.002" /><testcase classname="tests.red_team.adversarial_az.test_q_quick_method_traps.TestTaxCodeValidationTraps" name="test_all_valid_codes_accepted" time="0.002" /><testcase classname="tests.red_team.adversarial_az.test_q_quick_method_traps.TestTaxCodeValidationTraps" name="test_unknown_code_flagged" time="0.002" /><testcase classname="tests.red_team.adversarial_az.test_q_quick_method_traps.TestTaxCodeValidationTraps" name="test_lowercase_tax_code" time="0.002" /><testcase classname="tests.red_team.adversarial_az.test_q_quick_method_traps.TestTaxCodeValidationTraps" name="test_whitespace_padded_code" time="0.002" /><testcase classname="tests.red_team.adversarial_az.test_q_quick_method_traps.TestTaxCodeValidationTraps" name="test_sql_injection_in_tax_code" time="0.002" /><testcase classname="tests.red_team.adversarial_az.test_q_quick_method_traps.TestGSTQSTPrecision" name="test_exact_tax_amounts[amount0-expected_gst0-expected_qst0]" time="0.002" /><testcase classname="tests.red_team.adversarial_az.test_q_quick_method_traps.TestGSTQSTPrecision" name="test_exact_tax_amounts[amount1-expected_gst1-expected_qst1]" time="0.002" /><testcase classname="tests.red_team.adversarial_az.test_q_quick_method_traps.TestGSTQSTPrecision" name="test_exact_tax_amounts[amount2-expected_gst2-expected_qst2]" time="0.002" /><testcase classname="tests.red_team.adversarial_az.test_q_quick_method_traps.TestGSTQSTPrecision" name="test_exact_tax_amounts[amount3-expected_gst3-expected_qst3]" time="0.003" /><testcase classname="tests.red_team.adversarial_az.test_q_quick_method_traps.TestGSTQSTPrecision" name="test_exact_tax_amounts[amount4-expected_gst4-expected_qst4]" time="0.003" /><testcase classname="tests.red_team.adversarial_az.test_q_quick_method_traps.TestGSTQSTPrecision" name="test_roundtrip_forward_reverse" time="0.002" /><testcase classname="tests.red_team.adversarial_az.test_q_quick_method_traps.TestGSTQSTPrecision" name="test_extract_tax_roundtrip[total0]" time="0.002" /><testcase classname="tests.red_team.adversarial_az.test_q_quick_method_traps.TestGSTQSTPrecision" name="test_extract_tax_roundtrip[total1]" time="0.002" /><testcase classname="tests.red_team.adversarial_az.test_q_quick_method_traps.TestGSTQSTPrecision" name="test_extract_tax_roundtrip[total2]" time="0.002" /><testcase classname="tests.red_team.adversarial_az.test_q_quick_method_traps.TestGSTQSTPrecision" name="test_extract_tax_roundtrip[total3]" time="0.002" /><testcase classname="tests.red_team.adversarial_az.test_q_quick_method_traps.TestGSTQSTPrecision" name="test_extract_tax_roundtrip[total4]" time="0.003" /><testcase classname="tests.red_team.adversarial_az.test_q_quick_method_traps.TestCombinedRateConstants" name="test_gst_rate" time="0.002" /><testcase classname="tests.red_team.adversarial_az.test_q_quick_method_traps.TestCombinedRateConstants" name="test_qst_rate" time="0.002" /><testcase classname="tests.red_team.adversarial_az.test_q_quick_method_traps.TestCombinedRateConstants" name="test_combined_rate" time="0.002" /><testcase classname="tests.red_team.adversarial_az.test_q_quick_method_traps.TestCombinedRateConstants" name="test_registry_gst_qst_matches_t" time="0.002" /><testcase classname="tests.red_team.adversarial_az.test_q_quick_method_traps.TestProvinceSpecificTax" name="test_qc_vendor_gets_gst_qst" time="0.002" /><testcase classname="tests.red_team.adversarial_az.test_q_quick_method_traps.TestProvinceSpecificTax" name="test_on_vendor_gets_hst" time="0.002" /><testcase classname="tests.red_team.adversarial_az.test_q_quick_method_traps.TestProvinceSpecificTax" name="test_ab_vendor_gets_gst_only" time="0.002" /><testcase classname="tests.red_team.adversarial_az.test_q_quick_method_traps.TestProvinceSpecificTax" name="test_wrong_province_tax_flagged" time="0.002" /><testcase classname="tests.red_team.adversarial_az.test_q_quick_method_traps.TestQuickMethodDeterminism" name="test_calculate_deterministic" time="0.004" /><testcase classname="tests.red_team.adversarial_az.test_q_quick_method_traps.TestQuickMethodDeterminism" name="test_extract_deterministic" time="0.003" /><testcase classname="tests.red_team.adversarial_az.test_r_rbac_destruction.TestPrivilegeEscalation" name="test_viewer_cannot_approve" time="0.003" /><testcase classname="tests.red_team.adversarial_az.test_r_rbac_destruction.TestPrivilegeEscalation" name="test_viewer_cannot_delete" time="0.004" /><testcase classname="tests.red_team.adversarial_az.test_r_rbac_destruction.TestPrivilegeEscalation" name="test_bookkeeper_cannot_sign_off_audit" time="0.004" /><testcase classname="tests.red_team.adversarial_az.test_r_rbac_destruction.TestPrivilegeEscalation" name="test_direct_role_update_not_possible" time="0.005"><skipped type="pytest.xfail" message="P1 DEFECT: No DB trigger prevents direct role escalation" /></testcase><testcase classname="tests.red_team.adversarial_az.test_r_rbac_destruction.TestCrossClientAccess" name="test_user_isolated_to_client" time="0.004" /><testcase classname="tests.red_team.adversarial_az.test_r_rbac_destruction.TestCrossClientAccess" name="test_no_global_admin_by_default" time="0.004"><skipped type="pytest.xfail" message="P2 DEFECT: User with NULL client_code may access all clients" /></testcase><testcase classname="tests.red_team.adversarial_az.test_r_rbac_destruction.TestDeactivatedUser" name="test_deactivated_user_denied" time="0.004" /><testcase classname="tests.red_team.adversarial_az.test_r_rbac_destruction.TestDeactivatedUser" name="test_deactivated_user_sessions_revoked" time="0.004"><skipped type="pytest.xfail" message="P2 DEFECT: Deactivating user does not auto-revoke sessions" /></testcase><testcase classname="tests.red_team.adversarial_az.test_r_rbac_destruction.TestPermissionBoundary" name="test_permission_matrix[viewer-view_document-True]" time="0.001"><skipped type="pytest.skip" message="review_permissions not available">C:\Users\shaddad\OneDrive - Basement Systems Quebec\Desktop\samer Haddad\LedgerLinkAi\tests\red_team\adversarial_az\test_r_rbac_destruction.py:215: review_permissions not available</skipped></testcase><testcase classname="tests.red_team.adversarial_az.test_r_rbac_destruction.TestPermissionBoundary" name="test_permission_matrix[viewer-approve_document-False]" time="0.001"><skipped type="pytest.skip" message="review_permissions not available">C:\Users\shaddad\OneDrive - Basement Systems Quebec\Desktop\samer Haddad\LedgerLinkAi\tests\red_team\adversarial_az\test_r_rbac_destruction.py:215: review_permissions not available</skipped></testcase><testcase classname="tests.red_team.adversarial_az.test_r_rbac_destruction.TestPermissionBoundary" name="test_permission_matrix[viewer-delete_document-False]" time="0.001"><skipped type="pytest.skip" message="review_permissions not available">C:\Users\shaddad\OneDrive - Basement Systems Quebec\Desktop\samer Haddad\LedgerLinkAi\tests\red_team\adversarial_az\test_r_rbac_destruction.py:215: review_permissions not available</skipped></testcase><testcase classname="tests.red_team.adversarial_az.test_r_rbac_destruction.TestPermissionBoundary" name="test_permission_matrix[bookkeeper-view_document-True]" time="0.001"><skipped type="pytest.skip" message="review_permissions not available">C:\Users\shaddad\OneDrive - Basement Systems Quebec\Desktop\samer Haddad\LedgerLinkAi\tests\red_team\adversarial_az\test_r_rbac_destruction.py:215: review_permissions not available</skipped></testcase><testcase classname="tests.red_team.adversarial_az.test_r_rbac_destruction.TestPermissionBoundary" name="test_permission_matrix[bookkeeper-create_document-True]" time="0.001"><skipped type="pytest.skip" message="review_permissions not available">C:\Users\shaddad\OneDrive - Basement Systems Quebec\Desktop\samer Haddad\LedgerLinkAi\tests\red_team\adversarial_az\test_r_rbac_destruction.py:215: review_permissions not available</skipped></testcase><testcase classname="tests.red_team.adversarial_az.test_r_rbac_destruction.TestPermissionBoundary" name="test_permission_matrix[bookkeeper-sign_off_audit-False]" time="0.001"><skipped type="pytest.skip" message="review_permissions not available">C:\Users\shaddad\OneDrive - Basement Systems Quebec\Desktop\samer Haddad\LedgerLinkAi\tests\red_team\adversarial_az\test_r_rbac_destruction.py:215: review_permissions not available</skipped></testcase><testcase classname="tests.red_team.adversarial_az.test_r_rbac_destruction.TestPermissionBoundary" name="test_permission_matrix[admin-view_document-True]" time="0.001"><skipped type="pytest.skip" message="review_permissions not available">C:\Users\shaddad\OneDrive - Basement Systems Quebec\Desktop\samer Haddad\LedgerLinkAi\tests\red_team\adversarial_az\test_r_rbac_destruction.py:215: review_permissions not available</skipped></testcase><testcase classname="tests.red_team.adversarial_az.test_r_rbac_destruction.TestPermissionBoundary" name="test_permission_matrix[admin-approve_document-True]" time="0.001"><skipped type="pytest.skip" message="review_permissions not available">C:\Users\shaddad\OneDrive - Basement Systems Quebec\Desktop\samer Haddad\LedgerLinkAi\tests\red_team\adversarial_az\test_r_rbac_destruction.py:215: review_permissions not available</skipped></testcase><testcase classname="tests.red_team.adversarial_az.test_r_rbac_destruction.TestRBACDeterminism" name="test_permission_check_deterministic" time="0.004" /><testcase classname="tests.red_team.adversarial_az.test_s_substance_confusion.TestCapExVsOpEx" name="test_hvac_replacement_is_capex" time="0.002"><failure message="AssertionError: DEFECT: $45K HVAC replacement not flagged as CapEx&#10;assert None is True&#10; +  where None = &lt;built-in method get of dict object at 0x00000299A59808C0&gt;('is_capex')&#10; +    where &lt;built-in method get of dict object at 0x00000299A59808C0&gt; = {'block_auto_approval': True, 'mixed_tax_invoice': False, 'potential_capex': True, 'potential_customer_deposit': False, ...}.get">tests\red_team\adversarial_az\test_s_substance_confusion.py:37: in test_hvac_replacement_is_capex
    assert r.get("is_capex") is True, (
E   AssertionError: DEFECT: $45K HVAC replacement not flagged as CapEx
E   assert None is True
E    +  where None = &lt;built-in method get of dict object at 0x00000299A59808C0&gt;('is_capex')
E    +    where &lt;built-in method get of dict object at 0x00000299A59808C0&gt; = {'block_auto_approval': True, 'mixed_tax_invoice': False, 'potential_capex': True, 'potential_customer_deposit': False, ...}.get</failure></testcase><testcase classname="tests.red_team.adversarial_az.test_s_substance_confusion.TestCapExVsOpEx" name="test_hvac_repair_is_not_capex" time="0.003" /><testcase classname="tests.red_team.adversarial_az.test_s_substance_confusion.TestCapExVsOpEx" name="test_computer_purchase_is_capex" time="0.002"><failure message="AssertionError: assert None is True&#10; +  where None = &lt;built-in method get of dict object at 0x00000299A5D376C0&gt;('is_capex')&#10; +    where &lt;built-in method get of dict object at 0x00000299A5D376C0&gt; = {'block_auto_approval': False, 'mixed_tax_invoice': False, 'potential_capex': True, 'potential_customer_deposit': False, ...}.get">tests\red_team\adversarial_az\test_s_substance_confusion.py:57: in test_computer_purchase_is_capex
    assert r.get("is_capex") is True
E   AssertionError: assert None is True
E    +  where None = &lt;built-in method get of dict object at 0x00000299A5D376C0&gt;('is_capex')
E    +    where &lt;built-in method get of dict object at 0x00000299A5D376C0&gt; = {'block_auto_approval': False, 'mixed_tax_invoice': False, 'potential_capex': True, 'potential_customer_deposit': False, ...}.get</failure></testcase><testcase classname="tests.red_team.adversarial_az.test_s_substance_confusion.TestCapExVsOpEx" name="test_software_subscription_is_not_capex" time="0.002" /><testcase classname="tests.red_team.adversarial_az.test_s_substance_confusion.TestCapExVsOpEx" name="test_vehicle_purchase" time="0.002"><failure message="AssertionError: assert None is True&#10; +  where None = &lt;built-in method get of dict object at 0x00000299A5D41500&gt;('is_capex')&#10; +    where &lt;built-in method get of dict object at 0x00000299A5D41500&gt; = {'block_auto_approval': False, 'mixed_tax_invoice': False, 'potential_capex': True, 'potential_customer_deposit': False, ...}.get">tests\red_team\adversarial_az\test_s_substance_confusion.py:73: in test_vehicle_purchase
    assert r.get("is_capex") is True
E   AssertionError: assert None is True
E    +  where None = &lt;built-in method get of dict object at 0x00000299A5D41500&gt;('is_capex')
E    +    where &lt;built-in method get of dict object at 0x00000299A5D41500&gt; = {'block_auto_approval': False, 'mixed_tax_invoice': False, 'potential_capex': True, 'potential_customer_deposit': False, ...}.get</failure></testcase><testcase classname="tests.red_team.adversarial_az.test_s_substance_confusion.TestCapExVsOpEx" name="test_equipment_disguised_as_supplies" time="0.002"><skipped type="pytest.xfail" message="P2 DEFECT: 'equipment' and 'furniture' in memo not caught as potential CapEx" /></testcase><testcase classname="tests.red_team.adversarial_az.test_s_substance_confusion.TestPrepaidDetection" name="test_annual_insurance_is_prepaid" time="0.002"><failure message="AssertionError: DEFECT: Annual insurance not flagged as prepaid&#10;assert None is True&#10; +  where None = &lt;built-in method get of dict object at 0x00000299A5C73740&gt;('is_prepaid')&#10; +    where &lt;built-in method get of dict object at 0x00000299A5C73740&gt; = {'block_auto_approval': False, 'mixed_tax_invoice': False, 'potential_capex': False, 'potential_customer_deposit': False, ...}.get">tests\red_team\adversarial_az\test_s_substance_confusion.py:102: in test_annual_insurance_is_prepaid
    assert r.get("is_prepaid") is True, (
E   AssertionError: DEFECT: Annual insurance not flagged as prepaid
E   assert None is True
E    +  where None = &lt;built-in method get of dict object at 0x00000299A5C73740&gt;('is_prepaid')
E    +    where &lt;built-in method get of dict object at 0x00000299A5C73740&gt; = {'block_auto_approval': False, 'mixed_tax_invoice': False, 'potential_capex': False, 'potential_customer_deposit': False, ...}.get</failure></testcase><testcase classname="tests.red_team.adversarial_az.test_s_substance_confusion.TestPrepaidDetection" name="test_quality_assurance_not_prepaid" time="0.003" /><testcase classname="tests.red_team.adversarial_az.test_s_substance_confusion.TestPrepaidDetection" name="test_annual_subscription" time="0.003"><failure message="AssertionError: assert None is True&#10; +  where None = &lt;built-in method get of dict object at 0x00000299A5D484C0&gt;('is_prepaid')&#10; +    where &lt;built-in method get of dict object at 0x00000299A5D484C0&gt; = {'block_auto_approval': False, 'mixed_tax_invoice': False, 'potential_capex': False, 'potential_customer_deposit': False, ...}.get">tests\red_team\adversarial_az\test_s_substance_confusion.py:123: in test_annual_subscription
    assert r.get("is_prepaid") is True
E   AssertionError: assert None is True
E    +  where None = &lt;built-in method get of dict object at 0x00000299A5D484C0&gt;('is_prepaid')
[...]
E   TypeError: calculate_itc_itr() got an unexpected keyword argument 'gst_amount'</failure></testcase><testcase classname="tests.red_team.adversarial_az.test_u_uncertainty_abuse.TestConfidenceBoundaries" name="test_all_above_80_safe_to_post" time="0.002" /><testcase classname="tests.red_team.adversarial_az.test_u_uncertainty_abuse.TestConfidenceBoundaries" name="test_one_field_at_79_partial" time="0.002" /><testcase classname="tests.red_team.adversarial_az.test_u_uncertainty_abuse.TestConfidenceBoundaries" name="test_one_field_at_60_partial" time="0.002" /><testcase classname="tests.red_team.adversarial_az.test_u_uncertainty_abuse.TestConfidenceBoundaries" name="test_one_field_at_59_must_block" time="0.002" /><testcase classname="tests.red_team.adversarial_az.test_u_uncertainty_abuse.TestConfidenceBoundaries" name="test_zero_confidence_blocks" time="0.002" /><testcase classname="tests.red_team.adversarial_az.test_u_uncertainty_abuse.TestConfidenceBoundaries" name="test_perfect_confidence_posts" time="0.002" /><testcase classname="tests.red_team.adversarial_az.test_u_uncertainty_abuse.TestConfidenceBoundaries" name="test_exactly_at_boundary_60" time="0.002" /><testcase classname="tests.red_team.adversarial_az.test_u_uncertainty_abuse.TestConfidenceBoundaries" name="test_exactly_at_boundary_80" time="0.002" /><testcase classname="tests.red_team.adversarial_az.test_u_uncertainty_abuse.TestPostingReadinessGate" name="test_safe_state_allows_posting" time="0.002" /><testcase classname="tests.red_team.adversarial_az.test_u_uncertainty_abuse.TestPostingReadinessGate" name="test_blocked_state_prevents_posting" time="0.002" /><testcase classname="tests.red_team.adversarial_az.test_u_uncertainty_abuse.TestPostingReadinessGate" name="test_partial_state_outcome" time="0.002" /><testcase classname="tests.red_team.adversarial_az.test_u_uncertainty_abuse.TestPostingReadinessGate" name="test_reasons_propagate_to_decision" time="0.002" /><testcase classname="tests.red_team.adversarial_az.test_u_uncertainty_abuse.TestReasonCodeCoverage" name="test_all_reason_codes_valid_strings" time="0.002" /><testcase classname="tests.red_team.adversarial_az.test_u_uncertainty_abuse.TestReasonCodeCoverage" name="test_reason_code_creates_valid_state" time="0.002" /><testcase classname="tests.red_team.adversarial_az.test_u_uncertainty_abuse.TestMultipleReasons" name="test_multiple_reasons_all_block" time="0.002" /><testcase classname="tests.red_team.adversarial_az.test_u_uncertainty_abuse.TestUncertaintyDeterminism" name="test_evaluate_deterministic" time="0.002" /><testcase classname="tests.red_team.adversarial_az.test_u_uncertainty_abuse.TestUncertaintyDeterminism" name="test_posting_readiness_deterministic" time="0.002" /><testcase classname="tests.red_team.adversarial_az.test_v_vendor_memory_poisoning.TestMemoryPoisoning" name="test_contradictory_gl_codes" time="0.005" /><testcase classname="tests.red_team.adversarial_az.test_v_vendor_memory_poisoning.TestMemoryPoisoning" name="test_contradictory_tax_codes" time="0.029" /><testcase classname="tests.red_team.adversarial_az.test_v_vendor_memory_poisoning.TestVendorCrossClientLeakage" name="test_memory_isolated_by_client" time="0.004" /><testcase classname="tests.red_team.adversarial_az.test_v_vendor_memory_poisoning.TestVendorCrossClientLeakage" name="test_same_vendor_different_clients" time="0.004" /><testcase classname="tests.red_team.adversarial_az.test_v_vendor_memory_poisoning.TestHistoryRewriting" name="test_update_overwrites_history" time="0.004"><skipped type="pytest.xfail" message="P2 DEFECT: Vendor memory allows history rewriting via UPDATE — 100-use pattern overwritten with count=1" /></testcase><testcase classname="tests.red_team.adversarial_az.test_v_vendor_memory_poisoning.TestNormalizeKeyAttacks" name="test_case_insensitive" time="0.002" /><testcase classname="tests.red_team.adversarial_az.test_v_vendor_memory_poisoning.TestNormalizeKeyAttacks" name="test_whitespace_normalization" time="0.002" /><testcase classname="tests.red_team.adversarial_az.test_v_vendor_memory_poisoning.TestNormalizeKeyAttacks" name="test_empty_string" time="0.002" /><testcase classname="tests.red_team.adversarial_az.test_v_vendor_memory_poisoning.TestNormalizeKeyAttacks" name="test_none_input" time="0.002" /><testcase classname="tests.red_team.adversarial_az.test_v_vendor_memory_poisoning.TestNormalizeKeyAttacks" name="test_unicode_normalization" time="0.003" /><testcase classname="tests.red_team.adversarial_az.test_v_vendor_memory_poisoning.TestVendorMemoryDeterminism" name="test_normalize_key_deterministic" time="0.008" /><testcase classname="tests.red_team.adversarial_az.test_w_working_paper_assault.TestTrialBalanceIntegrity" name="test_empty_trial_balance" time="0.012" /><testcase classname="tests.red_team.adversarial_az.test_w_working_paper_assault.TestTrialBalanceIntegrity" name="test_balanced_entries_produce_balanced_tb" time="0.013" /><testcase classname="tests.red_team.adversarial_az.test_w_working_paper_assault.TestMaterialityAssessment" name="test_materiality_on_revenue" time="0.001"><skipped type="pytest.skip" message="calculate_materiality not available">C:\Users\shaddad\OneDrive - Basement Systems Quebec\Desktop\samer Haddad\LedgerLinkAi\tests\red_team\adversarial_az\test_w_working_paper_assault.py:106: calculate_materiality not available</skipped></testcase><testcase classname="tests.red_team.adversarial_az.test_w_working_paper_assault.TestMaterialityAssessment" name="test_invalid_basis_rejected" time="0.001"><skipped type="pytest.skip" message="calculate_materiality not available">C:\Users\shaddad\OneDrive - Basement Systems Quebec\Desktop\samer Haddad\LedgerLinkAi\tests\red_team\adversarial_az\test_w_working_paper_assault.py:121: calculate_materiality not available</skipped></testcase><testcase classname="tests.red_team.adversarial_az.test_w_working_paper_assault.TestMaterialityAssessment" name="test_zero_basis_amount" time="0.001"><skipped type="pytest.skip" message="calculate_materiality not available">C:\Users\shaddad\OneDrive - Basement Systems Quebec\Desktop\samer Haddad\LedgerLinkAi\tests\red_team\adversarial_az\test_w_working_paper_assault.py:138: calculate_materiality not available</skipped></testcase><testcase classname="tests.red_team.adversarial_az.test_w_working_paper_assault.TestMaterialityAssessment" name="test_negative_basis_amount" time="0.001"><skipped type="pytest.skip" message="calculate_materiality not available">C:\Users\shaddad\OneDrive - Basement Systems Quebec\Desktop\samer Haddad\LedgerLinkAi\tests\red_team\adversarial_az\test_w_working_paper_assault.py:151: calculate_materiality not available</skipped></testcase><testcase classname="tests.red_team.adversarial_az.test_w_working_paper_assault.TestRiskAssessment" name="test_valid_risk_levels" time="0.001"><skipped type="pytest.skip" message="create_risk_assessment not available">C:\Users\shaddad\OneDrive - Basement Systems Quebec\Desktop\samer Haddad\LedgerLinkAi\tests\red_team\adversarial_az\test_w_working_paper_assault.py:172: create_risk_assessment not available</skipped></testcase><testcase classname="tests.red_team.adversarial_az.test_w_working_paper_assault.TestRiskAssessment" name="test_invalid_risk_level_rejected" time="0.001"><skipped type="pytest.skip" message="create_risk_assessment not available">C:\Users\shaddad\OneDrive - Basement Systems Quebec\Desktop\samer Haddad\LedgerLinkAi\tests\red_team\adversarial_az\test_w_working_paper_assault.py:189: create_risk_assessment not available</skipped></testcase><testcase classname="tests.red_team.adversarial_az.test_w_working_paper_assault.TestEvidenceChain" name="test_three_way_match_evidence" time="0.008" /><testcase classname="tests.red_team.adversarial_az.test_w_working_paper_assault.TestEvidenceChain" name="test_missing_evidence_link" time="0.008" /><testcase classname="tests.red_team.adversarial_az.test_w_working_paper_assault.TestWorkingPaperDeterminism" name="test_engagement_creation_deterministic" time="0.010"><failure message="sqlite3.ProgrammingError: Error binding parameter 1: type 'dict' is not supported">tests\red_team\adversarial_az\test_w_working_paper_assault.py:257: in test_engagement_creation_deterministic
    row = conn.execute(
E   sqlite3.ProgrammingError: Error binding parameter 1: type 'dict' is not supported</failure></testcase><testcase classname="tests.red_team.adversarial_az.test_x_cross_client_contamination.TestDocumentIsolation" name="test_client_a_cannot_see_client_b_docs" time="0.006" /><testcase classname="tests.red_team.adversarial_az.test_x_cross_client_contamination.TestDocumentIsolation" name="test_unfiltered_query_shows_all" time="0.007" /><testcase classname="tests.red_team.adversarial_az.test_x_cross_client_contamination.TestReconciliationIsolation" name="test_reconciliation_client_scoped" time="0.006"><failure message="TypeError: create_reconciliation() got multiple values for argument 'client_code'">tests\red_team\adversarial_az\test_x_cross_client_contamination.py:99: in test_reconciliation_client_scoped
    rid_a = create_reconciliation(
E   TypeError: create_reconciliation() got multiple values for argument 'client_code'</failure></testcase><testcase classname="tests.red_team.adversarial_az.test_x_cross_client_contamination.TestReconciliationIsolation" name="test_add_item_to_wrong_client_recon" time="0.006"><failure message="TypeError: create_reconciliation() got multiple values for argument 'client_code'">tests\red_team\adversarial_az\test_x_cross_client_contamination.py:120: in test_add_item_to_wrong_client_recon
    rid_a = create_reconciliation(
E   TypeError: create_reconciliation() got multiple values for argument 'client_code'</failure></testcase><testcase classname="tests.red_team.adversarial_az.test_x_cross_client_contamination.TestWorkingPaperIsolation" name="test_working_paper_client_code" time="0.006"><failure message="TypeError: create_working_paper() missing 1 required positional argument: 'engagement_type'">tests\red_team\adversarial_az\test_x_cross_client_contamination.py:144: in test_working_paper_client_code
    pid_a = create_working_paper(
E   TypeError: create_working_paper() missing 1 required positional argument: 'engagement_type'</failure></testcase><testcase classname="tests.red_team.adversarial_az.test_x_cross_client_contamination.TestEngagementIsolation" name="test_engagement_scoped_to_client" time="0.009"><failure message="sqlite3.ProgrammingError: Error binding parameter 1: type 'dict' is not supported">tests\red_team\adversarial_az\test_x_cross_client_contamination.py:182: in test_engagement_scoped_to_client
    row_a = conn.execute(
E   sqlite3.ProgrammingError: Error binding parameter 1: type 'dict' is not supported</failure></testcase><testcase classname="tests.red_team.adversarial_az.test_x_cross_client_contamination.TestCrossClientDeterminism" name="test_isolation_deterministic" time="0.028" /><testcase classname="tests.red_team.adversarial_az.test_y_year_end_boundary.TestCCAHalfYearRule" name="test_first_year_half_rate" time="0.008"><failure message="AssertionError: Half-year rule: CCA=12750.0, expected=7500.00&#10;assert Decimal('12750.0') == Decimal('7500.00')">tests\red_team\adversarial_az\test_y_year_end_boundary.py:76: in test_first_year_half_rate
    assert cca_amount == expected, (
E   AssertionError: Half-year rule: CCA=12750.0, expected=7500.00
E   assert Decimal('12750.0') == Decimal('7500.00')</failure></testcase><testcase classname="tests.red_team.adversarial_az.test_y_year_end_boundary.TestCCAHalfYearRule" name="test_second_year_full_rate" time="0.007" /><testcase classname="tests.red_team.adversarial_az.test_y_year_end_boundary.TestAssetDisposal" name="test_disposal_proceeds_exceed_ucc" time="0.006" /><testcase classname="tests.red_team.adversarial_az.test_y_year_end_boundary.TestAssetDisposal" name="test_disposal_below_ucc" time="0.006" /><testcase classname="tests.red_team.adversarial_az.test_y_year_end_boundary.TestAssetDisposal" name="test_zero_proceeds_disposal" time="0.005" /><testcase classname="tests.red_team.adversarial_az.test_y_year_end_boundary.TestCCAClassNormalization" name="test_normalize_cca_class[10-10_0]" time="0.002" /><testcase classname="tests.red_team.adversarial_az.test_y_year_end_boundary.TestCCAClassNormalization" name="test_normalize_cca_class[10-10_1]" time="0.003" /><testcase classname="tests.red_team.adversarial_az.test_y_year_end_boundary.TestCCAClassNormalization" name="test_normalize_cca_class[10.1-101_0]" time="0.002" /><testcase classname="tests.red_team.adversarial_az.test_y_year_end_boundary.TestCCAClassNormalization" name="test_normalize_cca_class[10.1-101_1]" time="0.002" /><testcase classname="tests.red_team.adversarial_az.test_y_year_end_boundary.TestCCAClassNormalization" name="test_normalize_cca_class[101-101_0]" time="0.002" /><testcase classname="tests.red_team.adversarial_az.test_y_year_end_boundary.TestCCAClassNormalization" name="test_normalize_cca_class[101-101_1]" time="0.002" /><testcase classname="tests.red_team.adversarial_az.test_y_year_end_boundary.TestCCAClassNormalization" name="test_normalize_cca_class[14.1-141_0]" time="0.002" /><testcase classname="tests.red_team.adversarial_az.test_y_year_end_boundary.TestCCAClassNormalization" name="test_normalize_cca_class[14.1-141_1]" time="0.003" /><testcase classname="tests.red_team.adversarial_az.test_y_year_end_boundary.TestCCAClassNormalization" name="test_normalize_cca_class[50-50]" time="0.002" /><testcase classname="tests.red_team.adversarial_az.test_y_year_end_boundary.TestCCAClassNormalization" name="test_normalize_cca_class[999-None]" time="0.002" /><testcase classname="tests.red_team.adversarial_az.test_y_year_end_boundary.TestYearEndCutoff" name="test_dec31_vs_jan1_different_years" time="0.007" /><testcase classname="tests.red_team.adversarial_az.test_y_year_end_boundary.TestYearEndCutoff" name="test_fiscal_year_not_calendar_year" time="0.006" /><testcase classname="tests.red_team.adversarial_az.test_y_year_end_boundary.TestCCAClassCoverage" name="test_all_classes_have_rate_or_method" time="0.002" /><testcase classname="tests.red_team.adversarial_az.test_y_year_end_boundary.TestCCAClassCoverage" name="test_class_10_automotive" time="0.002" /><testcase classname="tests.red_team.adversarial_az.test_y_year_end_boundary.TestCCAClassCoverage" name="test_class_50_computers" time="0.002" /><testcase classname="tests.red_team.adversarial_az.test_y_year_end_boundary.TestYearEndDeterminism" name="test_cca_deterministic" time="0.054"><failure message="AssertionError: Non-deterministic CCA: 10 variants&#10;assert 10 == 1&#10; +  where 10 = len({&quot;[{'asset_id': 'FA-1F28CEEC7381', 'asset_name': 'Asset', 'cca_class': 10, 'cca_class_display': '10', 'opening_ucc': 42500.0, 'additions': 50000.0, 'disposals': 0.0, 'cca_amount': 12750.0, 'closing_ucc': 29750.0}]&quot;, &quot;[{'asset_id': 'FA-30299DF28978', 'asset_name': 'Asset', 'cca_class': 10, 'cca_class_display': '10', 'opening_ucc': 42500.0, 'additions': 50000.0, 'disposals': 0.0, 'cca_amount': 12750.0, 'closing_ucc': 29750.0}]&quot;, &quot;[{'asset_id': 'FA-60F2F477245E', 'asset_name': 'Asset', 'cca_class': 10, 'cca_class_display': '10', 'opening_ucc': 42500.0, 'additions': 50000.0, 'disposals': 0.0, 'cca_amount': 12750.0, 'closing_ucc': 29750.0}]&quot;, &quot;[{'asset_id': 'FA-6949CA31BA42', 'asset_name': 'Asset', 'cca_class': 10, 'cca_class_display': '10', 'opening_ucc': 42500.0, 'additions': 50000.0, 'disposals': 0.0, 'cca_amount': 12750.0, 'closing_ucc': 29750.0}]&quot;, &quot;[{'asset_id': 'FA-8CC7456A5AA5', 'asset_name': 'Asset', 'cca_class': 10, 'cca_class_display': '10', 'opening_ucc': 42500.0, 'additions': 50000.0, 'disposals': 0.0, 'cca_amount': 12750.0, 'closing_ucc': 29750.0}]&quot;, &quot;[{'asset_id': 'FA-AB5F39CAC5B3', 'asset_name': 'Asset', 'cca_class': 10, 'cca_class_display': '10', 'opening_ucc': 42500.0, 'additions': 50000.0, 'disposals': 0.0, 'cca_amount': 12750.0, 'closing_ucc': 29750.0}]&quot;, ...})">tests\red_team\adversarial_az\test_y_year_end_boundary.py:254: in test_cca_deterministic
    assert len(results) == 1, f"Non-deterministic CCA: {len(results)} variants"
E   AssertionError: Non-deterministic CCA: 10 variants
E   assert 10 == 1
E    +  where 10 = len({"[{'asset_id': 'FA-1F28CEEC7381', 'asset_name': 'Asset', 'cca_class': 10, 'cca_class_display': '10', 'opening_ucc': 42500.0, 'additions': 50000.0, 'disposals': 0.0, 'cca_amount': 12750.0, 'closing_ucc': 29750.0}]", "[{'asset_id': 'FA-30299DF28978', 'asset_name': 'Asset', 'cca_class': 10, 'cca_class_display': '10', 'opening_ucc': 42500.0, 'additions': 50000.0, 'disposals': 0.0, 'cca_amount': 12750.0, 'closing_ucc': 29750.0}]", "[{'asset_id': 'FA-60F2F477245E', 'asset_name': 'Asset', 'cca_class': 10, 'cca_class_display': '10', 'opening_ucc': 42500.0, 'additions': 50000.0, 'disposals': 0.0, 'cca_amount': 12750.0, 'closing_ucc': 29750.0}]", "[{'asset_id': 'FA-6949CA31BA42', 'asset_name': 'Asset', 'cca_class': 10, 'cca_class_display': '10', 'opening_ucc': 42500.0, 'additions': 50000.0, 'disposals': 0.0, 'cca_amount': 12750.0, 'closing_ucc': 29750.0}]", "[{'asset_id': 'FA-8CC7456A5AA5', 'asset_name': 'Asset', 'cca_class': 10, 'cca_class_display': '10', 'opening_ucc': 42500.0, 'additions': 50000.0, 'disposals': 0.0, 'cca_amount': 12750.0, 'closing_ucc': 29750.0}]", "[{'asset_id': 'FA-AB5F39CAC5B3', 'asset_name': 'Asset', 'cca_class': 10, 'cca_class_display': '10', 'opening_ucc': 42500.0, 'additions': 50000.0, 'disposals': 0.0, 'cca_amount': 12750.0, 'closing_ucc': 29750.0}]", ...})</failure></testcase><testcase classname="tests.red_team.adversarial_az.test_z_zero_trust_disaster_replay.TestRollbackSafety" name="test_rollback_creates_audit_entry" time="0.004" /><testcase classname="tests.red_team.adversarial_az.test_z_zero_trust_disaster_replay.TestRollbackSafety" name="test_rollback_idempotent" time="0.004" /><testcase classname="tests.red_team.adversarial_az.test_z_zero_trust_disaster_replay.TestRollbackSafety" name="test_reimport_after_rollback_blocked" time="0.002" /><testcase classname="tests.red_team.adversarial_az.test_z_zero_trust_disaster_replay.TestOptimisticLocking" name="test_stale_version_raises" time="0.004"><skipped type="pytest.xfail" message="P1 DEFECT: Stale version not rejected" /></testcase><testcase classname="tests.red_team.adversarial_az.test_z_zero_trust_disaster_replay.TestOptimisticLocking" name="test_correct_version_passes" time="0.005" /><testcase classname="tests.red_team.adversarial_az.test_z_zero_trust_disaster_replay.TestOptimisticLocking" name="test_concurrent_version_increment" time="0.005" /><testcase classname="tests.red_team.adversarial_az.test_z_zero_trust_disaster_replay.TestCorrectionChainIntegrity" name="test_single_correction_link" time="0.005" /><testcase classname="tests.red_team.adversarial_az.test_z_zero_trust_disaster_replay.TestCorrectionChainIntegrity" name="test_circular_correction_prevented" time="0.004" /><testcase classname="tests.red_team.adversarial_az.test_z_zero_trust_disaster_replay.TestDocumentClustering" name="test_three_variants_one_cluster" time="0.029" /><testcase classname="tests.red_team.adversarial_az.test_z_zero_trust_disaster_replay.TestCreditMemoDecomposition" name="test_decompose_with_full_evidence" time="0.004" /><testcase classname="tests.red_team.adversarial_az.test_z_zero_trust_disaster_replay.TestCreditMemoDecomposition" name="test_decompose_without_evidence" time="0.005" /><testcase classname="tests.red_team.adversarial_az.test_z_zero_trust_disaster_replay.TestIdempotency" name="test_insert_document_twice" time="0.006" /><testcase classname="tests.red_team.adversarial_az.test_z_zero_trust_disaster_replay.TestIdempotency" name="test_correction_idempotent" time="0.005" /><testcase classname="tests.red_team.adversarial_az.test_z_zero_trust_disaster_replay.TestDisasterReplayDeterminism" name="test_version_check_deterministic" time="0.045" /></testsuite></testsuites>